#
# A fatal error has been detected by the Java Runtime Environment:
#
#  EXCEPTION_ACCESS_VIOLATION (0xc0000005) at pc=0x00007ffb8452dece, pid=8220, tid=10848
#
# JRE version: Java(TM) SE Runtime Environment (9.0+11) (build 9.0.4+11)
# Java VM: Java HotSpot(TM) 64-Bit Server VM (9.0.4+11, mixed mode, tiered, compressed oops, g1 gc, windows-amd64)
# Problematic frame:
# C  [librdi_wavedata.dll+0x3dece]
#
# No core dump will be written. Minidumps are not enabled by default on client versions of Windows
#
# If you would like to submit a bug report, please visit:
#   http://bugreport.java.com/bugreport/crash.jsp
# The crash happened outside the Java Virtual Machine in native code.
# See problematic frame for where to report the bug.
#

---------------  S U M M A R Y ------------

Command Line: -Dsun.java2d.pmoffscreen=false -Dsun.java2d.xrender=false -Dsun.java2d.d3d=false -Dsun.awt.nopixfmt=true -Dsun.java2d.dpiaware=true -Dsun.java2d.uiScale.enabled=false -Xverify:none -Dswing.aatext=true -XX:-UsePerfData -Djdk.map.althashing.threshold=512 -XX:StringTableSize=4072 --add-opens=java.base/java.nio=ALL-UNNAMED --add-opens=java.desktop/sun.swing=ALL-UNNAMED --add-opens=java.desktop/javax.swing=ALL-UNNAMED --add-opens=java.desktop/javax.swing.tree=ALL-UNNAMED --add-opens=java.desktop/javax.swing.plaf.basic=ALL-UNNAMED --add-opens=java.desktop/javax.swing.plaf.synth=ALL-UNNAMED --add-opens=java.desktop/com.sun.awt=ALL-UNNAMED -XX:NewSize=60m -XX:MaxNewSize=60m -Xms128m -Xmx3072m -Xss5m 

Host: Intel(R) Core(TM) i7-8750H CPU @ 2.20GHz, 12 cores, 15G,  Windows 10 , 64 bit Build 19041 (10.0.19041.928)
Time: Tue May 25 21:50:46 2021 ?D1¨²¡À¨º¡Á?¨º¡À?? elapsed time: 457 seconds (0d 0h 7m 37s)

---------------  T H R E A D  ---------------

Current thread (0x0000021697d0e800):  JavaThread "AWT-EventQueue-1" [_thread_in_native, id=10848, stack(0x000000dea5d00000,0x000000dea6200000)]

Stack: [0x000000dea5d00000,0x000000dea6200000],  sp=0x000000dea61faa30,  free space=5098k
Native frames: (J=compiled Java code, j=interpreted, Vv=VM code, C=native code)
C  [librdi_wavedata.dll+0x3dece]
C  [librdi_wavedata.dll+0x24d885]
C  [librdi_wavedata.dll+0x246471]
C  [librdi_wavedata.dll+0x245ef6]
C  [librdi_wavedata.dll+0x2503a1]
C  [librdi_wavedata.dll+0x24f79a]
C  [librdi_wavedata.dll+0x24fa36]
C  [librdi_wavedata.dll+0x27ad38]
C  0x000002168001921c

Java frames: (J=compiled Java code, j=interpreted, Vv=VM code)
j  ui.views.waveform.waveformi.WVExecutive_setPrefsMessage(JLjava/lang/String;)V+0
j  ui.views.waveform.executive.a.Xl(Ljava/lang/String;)V+5
j  ui.views.waveform.a.gDd()V+128
j  ui.views.waveform.a.c(Lui/views/waveform/a;)V+1
j  ui.views.waveform.f.actionPerformed(Ljava/awt/event/ActionEvent;)V+4
J 16748 c1 javax.swing.JComboBox.fireActionEvent()V java.desktop@9.0.4 (156 bytes) @ 0x00000216823621bc [0x0000021682361460+0x0000000000000d5c]
J 16789 c1 javax.swing.JComboBox.setSelectedItem(Ljava/lang/Object;)V java.desktop@9.0.4 (148 bytes) @ 0x00000216824839ec [0x0000021682482f80+0x0000000000000a6c]
J 18088 c1 ui.utils.o.e.e.setSelectedItem(Ljava/lang/Object;)V (42 bytes) @ 0x00000216828d4984 [0x00000216828d4380+0x0000000000000604]
j  javax.swing.JComboBox.setSelectedIndex(I)V+58 java.desktop@9.0.4
j  javax.swing.plaf.basic.BasicComboPopup$Handler.mouseReleased(Ljava/awt/event/MouseEvent;)V+97 java.desktop@9.0.4
j  java.awt.AWTEventMulticaster.mouseReleased(Ljava/awt/event/MouseEvent;)V+21 java.desktop@9.0.4
j  java.awt.AWTEventMulticaster.mouseReleased(Ljava/awt/event/MouseEvent;)V+8 java.desktop@9.0.4
J 14166 c1 java.awt.Component.processMouseEvent(Ljava/awt/event/MouseEvent;)V java.desktop@9.0.4 (100 bytes) @ 0x00000216815d5534 [0x00000216815d51a0+0x0000000000000394]
J 14167 c1 javax.swing.JComponent.processMouseEvent(Ljava/awt/event/MouseEvent;)V java.desktop@9.0.4 (27 bytes) @ 0x000002168141ccec [0x000002168141cae0+0x000000000000020c]
j  javax.swing.plaf.basic.BasicComboPopup$1.processMouseEvent(Ljava/awt/event/MouseEvent;)V+70 java.desktop@9.0.4
J 18140 c2 java.awt.Container.processEvent(Ljava/awt/AWTEvent;)V java.desktop@9.0.4 (22 bytes) @ 0x0000021688b13b20 [0x0000021688b139c0+0x0000000000000160]
J 18105 c2 java.awt.Component.dispatchEventImpl(Ljava/awt/AWTEvent;)V java.desktop@9.0.4 (739 bytes) @ 0x0000021688b0ade4 [0x0000021688b0a580+0x0000000000000864]
J 13396 c2 java.awt.Container.dispatchEventImpl(Ljava/awt/AWTEvent;)V java.desktop@9.0.4 (129 bytes) @ 0x00000216884fbd58 [0x00000216884fbd00+0x0000000000000058]
J 13390 c2 java.awt.LightweightDispatcher.retargetMouseEvent(Ljava/awt/Component;ILjava/awt/event/MouseEvent;)V java.desktop@9.0.4 (350 bytes) @ 0x00000216884f1d90 [0x00000216884f17e0+0x00000000000005b0]
J 16883 c2 java.awt.LightweightDispatcher.processMouseEvent(Ljava/awt/event/MouseEvent;)Z java.desktop@9.0.4 (265 bytes) @ 0x000002168892d804 [0x000002168892d120+0x00000000000006e4]
J 13396 c2 java.awt.Container.dispatchEventImpl(Ljava/awt/AWTEvent;)V java.desktop@9.0.4 (129 bytes) @ 0x00000216884fc044 [0x00000216884fbd00+0x0000000000000344]
J 16831 c2 java.awt.Window.dispatchEventImpl(Ljava/awt/AWTEvent;)V java.desktop@9.0.4 (23 bytes) @ 0x000002168892048c [0x0000021688920440+0x000000000000004c]
J 14523 c2 java.awt.EventQueue.dispatchEventImpl(Ljava/awt/AWTEvent;Ljava/lang/Object;)V java.desktop@9.0.4 (136 bytes) @ 0x00000216883f84a8 [0x00000216883f7ee0+0x00000000000005c8]
J 14346 c2 java.awt.EventQueue$3.run()Ljava/lang/Void; java.desktop@9.0.4 (60 bytes) @ 0x0000021687c5bcac [0x0000021687c5bc40+0x000000000000006c]
J 13995 c2 java.awt.EventQueue$3.run()Ljava/lang/Object; java.desktop@9.0.4 (5 bytes) @ 0x00000216885af954 [0x00000216885af920+0x0000000000000034]
v  ~StubRoutines::call_stub
J 3868  java.security.AccessController.doPrivileged(Ljava/security/PrivilegedAction;Ljava/security/AccessControlContext;)Ljava/lang/Object; java.base@9.0.4 (0 bytes) @ 0x0000021687ceb0c6 [0x0000021687ceb060+0x0000000000000066]
J 16422 c2 java.awt.EventQueue$4.run()Ljava/lang/Object; java.desktop@9.0.4 (5 bytes) @ 0x0000021688857bc0 [0x0000021688857960+0x0000000000000260]
v  ~StubRoutines::call_stub
J 3868  java.security.AccessController.doPrivileged(Ljava/security/PrivilegedAction;Ljava/security/AccessControlContext;)Ljava/lang/Object; java.base@9.0.4 (0 bytes) @ 0x0000021687ceb0c6 [0x0000021687ceb060+0x0000000000000066]
J 15388 c2 ui.frmwork.b.d.dispatchEvent(Ljava/awt/AWTEvent;)V (34 bytes) @ 0x00000216886a82b8 [0x00000216886a7ea0+0x0000000000000418]
J 16627 c2 java.awt.EventDispatchThread.pumpOneEventForFilters(I)V java.desktop@9.0.4 (218 bytes) @ 0x00000216888cfa9c [0x00000216888cf780+0x000000000000031c]
j  java.awt.EventDispatchThread.pumpEventsForFilter(ILjava/awt/Conditional;Ljava/awt/EventFilter;)V+35 java.desktop@9.0.4
j  java.awt.EventDispatchThread.pumpEventsForHierarchy(ILjava/awt/Conditional;Ljava/awt/Component;)V+11 java.desktop@9.0.4
j  java.awt.EventDispatchThread.pumpEvents(ILjava/awt/Conditional;)V+4 java.desktop@9.0.4
j  java.awt.EventDispatchThread.pumpEvents(Ljava/awt/Conditional;)V+3 java.desktop@9.0.4
j  java.awt.EventDispatchThread.run()V+9 java.desktop@9.0.4
v  ~StubRoutines::call_stub

siginfo: EXCEPTION_ACCESS_VIOLATION (0xc0000005), reading address 0x0000000000000000


Register to memory mapping:

RIP=0x00007ffb8452dece librdi_wavedata.dll
RAX=0x0000000000000000 is an unknown value
RBX=0x0000000000000000 is an unknown value
RCX=0x000000dea61faad0 is pointing into the stack for thread: 0x0000021697d0e800
RDX=0x0000000000000000 is an unknown value
RSP=0x000000dea61faa30 is pointing into the stack for thread: 0x0000021697d0e800
RBP=0x000000dea61faba0 is pointing into the stack for thread: 0x0000021697d0e800
RSI=0x000000dea61faad0 is pointing into the stack for thread: 0x0000021697d0e800
RDI=0x000000dea61facf8 is pointing into the stack for thread: 0x0000021697d0e800
R8 =0x0000000000000000 is an unknown value
R9 =0x000000dea61fab00 is pointing into the stack for thread: 0x0000021697d0e800
R10=0x000000dea61faae0 is pointing into the stack for thread: 0x0000021697d0e800
R11=0x108d58538380609c is an unknown value
R12=0x00007ffb84a97210 librdi_wavedata.dll
R13=0x0000021697011490 is an unknown value
R14=0x0000000000000000 is an unknown value
R15=0x0000000000000000 is an unknown value


Registers:
RAX=0x0000000000000000, RBX=0x0000000000000000, RCX=0x000000dea61faad0, RDX=0x0000000000000000
RSP=0x000000dea61faa30, RBP=0x000000dea61faba0, RSI=0x000000dea61faad0, RDI=0x000000dea61facf8
R8 =0x0000000000000000, R9 =0x000000dea61fab00, R10=0x000000dea61faae0, R11=0x108d58538380609c
R12=0x00007ffb84a97210, R13=0x0000021697011490, R14=0x0000000000000000, R15=0x0000000000000000
RIP=0x00007ffb8452dece, EFLAGS=0x0000000000010246

Top of Stack: (sp=0x000000dea61faa30)
0x000000dea61faa30:   0000000000000001 000000dea61faad8
0x000000dea61faa40:   000000dea61fabc0 00007ffc247ece5b
0x000000dea61faa50:   fffffffffffffffe 000000dea61faa78
0x000000dea61faa60:   000000dea61fadb8 000000dea61fadb8
0x000000dea61faa70:   00007ffb84a97258 0000000000000000
0x000000dea61faa80:   00007ffb84a97210 000000dea61facf8
0x000000dea61faa90:   00007ffb84a77bd8 00007ffb8473d885
0x000000dea61faaa0:   000000dea61faad0 000000de00000000
0x000000dea61faab0:   000000dea61fadb8 0000000000000000
0x000000dea61faac0:   0000021600000002 fffffffffffffffe
0x000000dea61faad0:   00007ffb848e2f70 00007ffb848e2ee8
0x000000dea61faae0:   0000000000000000 0000000000000000
0x000000dea61faaf0:   000000dea61faae0 000000dea61faae8
0x000000dea61fab00:   0000000000000000 0000000000000000
0x000000dea61fab10:   000000dea61fab00 000000dea61fab08
0x000000dea61fab20:   0000000000000000 000000dea61fab20 

Instructions: (pc=0x00007ffb8452dece)
0x00007ffb8452deae:   83 ec 40 48 c7 44 24 20 fe ff ff ff 48 89 9c 24
0x00007ffb8452debe:   80 00 00 00 4c 8b fa 48 8b f1 33 db 89 5c 24 78
0x00007ffb8452dece:   38 1a 75 05 45 33 f6 eb 12 49 83 ce ff 0f 1f 44
0x00007ffb8452dede:   00 00 49 ff c6 42 38 1c 32 75 f7 48 8b 01 48 63 



---------------  P R O C E S S  ---------------

Java Threads: ( => current thread )
  0x000002169a980000 JavaThread "Image Animator 3" daemon [_thread_blocked, id=15620, stack(0x000000deaab00000,0x000000deab000000)]
  0x000002169a97b000 JavaThread "Monitor File Timestamp Swing Worker" [_thread_blocked, id=15696, stack(0x000000deaa600000,0x000000deaab00000)]
  0x000002169a978800 JavaThread "Timer-1" [_thread_blocked, id=1840, stack(0x000000deaa100000,0x000000deaa600000)]
  0x000002169a97a000 JavaThread "SyntheticaAnimation 50" daemon [_thread_blocked, id=10388, stack(0x000000dea6200000,0x000000dea6700000)]
  0x000002169a978000 JavaThread "SyntheticaAnimation 50" daemon [_thread_blocked, id=1440, stack(0x000000dea4e00000,0x000000dea5300000)]
  0x000002169a97e000 JavaThread "Update Runs Swing Worker" [_thread_blocked, id=20604, stack(0x000000dea9c00000,0x000000deaa100000)]
  0x000002169a977000 JavaThread "hw_ila_monitor" [_thread_blocked, id=17752, stack(0x000000dea8d00000,0x000000dea9200000)]
  0x000002169a97c800 JavaThread "Refresh Filesets Swing Worker" [_thread_blocked, id=12840, stack(0x000000dea8800000,0x000000dea8d00000)]
  0x00000216f1641000 JavaThread "SyntheticaAnimation 70" daemon [_thread_blocked, id=15280, stack(0x000000dea8300000,0x000000dea8800000)]
  0x00000216f163e000 JavaThread "SyntheticaAnimation 25" daemon [_thread_blocked, id=8720, stack(0x000000dea7900000,0x000000dea7e00000)]
  0x00000216f163f800 JavaThread "SyntheticaAnimation 50" daemon [_thread_blocked, id=12260, stack(0x000000dea7400000,0x000000dea7900000)]
  0x00000216f1643800 JavaThread "Monitor HEventQueue" [_thread_blocked, id=3764, stack(0x000000dea6f00000,0x000000dea7400000)]
  0x00000216f1642800 JavaThread "SyntheticaCleanerThread" daemon [_thread_blocked, id=13496, stack(0x000000dea6700000,0x000000dea6c00000)]
  0x00000216f1642000 JavaThread "Batik CleanerThread" daemon [_thread_blocked, id=8424, stack(0x000000dea5300000,0x000000dea5800000)]
=>0x0000021697d0e800 JavaThread "AWT-EventQueue-1" [_thread_in_native, id=10848, stack(0x000000dea5d00000,0x000000dea6200000)]
  0x000002169788a000 JavaThread "Process Messages" [_thread_blocked, id=18368, stack(0x000000dea5800000,0x000000dea5d00000)]
  0x0000021697df1800 JavaThread "Thread-1" [_thread_in_native, id=18004, stack(0x000000de9e100000,0x000000de9f500000)]
  0x000002169780b000 JavaThread "TimerQueue" daemon [_thread_blocked, id=4588, stack(0x000000dea4900000,0x000000dea4e00000)]
  0x00000216f42ca800 JavaThread "AWT-Windows" daemon [_thread_in_native, id=21168, stack(0x000000dea4400000,0x000000dea4900000)]
  0x00000216f42c9800 JavaThread "AWT-Shutdown" [_thread_blocked, id=12028, stack(0x000000dea3f00000,0x000000dea4400000)]
  0x00000216970b9800 JavaThread "Java2D Disposer" daemon [_thread_blocked, id=3548, stack(0x000000dea3a00000,0x000000dea3f00000)]
  0x00000216f3d12000 JavaThread "Service Thread" daemon [_thread_blocked, id=356, stack(0x000000dea3400000,0x000000dea3900000)]
  0x00000216f22bd000 JavaThread "Common-Cleaner" daemon [_thread_blocked, id=16580, stack(0x000000dea2f00000,0x000000dea3400000)]
  0x00000216f163d800 JavaThread "Sweeper thread" daemon [_thread_blocked, id=5524, stack(0x000000dea2a00000,0x000000dea2f00000)]
  0x00000216f22b8000 JavaThread "C1 CompilerThread3" daemon [_thread_blocked, id=8704, stack(0x000000dea2900000,0x000000dea2a00000)]
  0x00000216ee8d4000 JavaThread "C2 CompilerThread2" daemon [_thread_blocked, id=16640, stack(0x000000dea2800000,0x000000dea2900000)]
  0x00000216ee8d3800 JavaThread "C2 CompilerThread1" daemon [_thread_blocked, id=21340, stack(0x000000dea2700000,0x000000dea2800000)]
  0x00000216ee8d2800 JavaThread "C2 CompilerThread0" daemon [_thread_blocked, id=14224, stack(0x000000dea2600000,0x000000dea2700000)]
  0x00000216ebaa0000 JavaThread "Attach Listener" daemon [_thread_blocked, id=12300, stack(0x000000dea2100000,0x000000dea2600000)]
  0x00000216ee8d9800 JavaThread "Signal Dispatcher" daemon [_thread_blocked, id=3336, stack(0x000000dea1c00000,0x000000dea2100000)]
  0x00000216ee8d7000 JavaThread "Finalizer" daemon [_thread_blocked, id=20360, stack(0x000000dea1700000,0x000000dea1c00000)]
  0x00000216ee8d6000 JavaThread "Reference Handler" daemon [_thread_blocked, id=9640, stack(0x000000dea1200000,0x000000dea1700000)]
  0x00000216f2f6b000 JavaThread "main" [_thread_blocked, id=12812, stack(0x000000de9e000000,0x000000de9e100000)]

Other Threads:
  0x00000216f3c28800 VMThread "VM Thread" [stack: 0x000000dea1100000,0x000000dea1200000] [id=21388]
  0x00000216f164a800 WatcherThread [stack: 0x000000dea3900000,0x000000dea3a00000] [id=18188]
  0x00000216f808c800 GCTaskThread "GC Thread#0" [stack: 0x000000de9f800000,0x000000de9f900000] [id=6068]
  0x00000216f3b1f800 GCTaskThread "GC Thread#1" [stack: 0x000000de9f900000,0x000000de9fa00000] [id=9512]
  0x00000216f3b1a000 GCTaskThread "GC Thread#2" [stack: 0x000000de9fa00000,0x000000de9fb00000] [id=12480]
  0x00000216f3b20000 GCTaskThread "GC Thread#3" [stack: 0x000000de9fb00000,0x000000de9fc00000] [id=12896]
  0x00000216f3b19800 GCTaskThread "GC Thread#4" [stack: 0x000000de9fc00000,0x000000de9fd00000] [id=11440]
  0x00000216f3b1d000 GCTaskThread "GC Thread#5" [stack: 0x000000de9fd00000,0x000000de9fe00000] [id=13948]
  0x00000216f3b1a800 GCTaskThread "GC Thread#6" [stack: 0x000000de9fe00000,0x000000de9ff00000] [id=9068]
  0x00000216f3b1d800 GCTaskThread "GC Thread#7" [stack: 0x000000de9ff00000,0x000000dea0000000] [id=20668]
  0x00000216f3b1b000 GCTaskThread "GC Thread#8" [stack: 0x000000dea0000000,0x000000dea0100000] [id=11672]
  0x00000216f3b1e800 GCTaskThread "GC Thread#9" [stack: 0x000000dea0100000,0x000000dea0200000] [id=8768]
  0x00000216f8473800 ConcurrentGCThread "G1 Main Marker" [stack: 0x000000dea0d00000,0x000000dea0e00000] [id=6740]
  0x00000216f3b1c000 ConcurrentGCThread "G1 Marker#0" [stack: 0x000000dea0e00000,0x000000dea0f00000] [id=3532]
  0x00000216f3b1f000 ConcurrentGCThread "G1 Marker#1" [stack: 0x000000dea0f00000,0x000000dea1000000] [id=20388]
  0x00000216f3b1c800 ConcurrentGCThread "G1 Marker#2" [stack: 0x000000dea1000000,0x000000dea1100000] [id=21432]
  0x00000216f85bf800 ConcurrentGCThread "G1 Refine#0" [stack: 0x000000dea0b00000,0x000000dea0c00000] [id=9440]
  0x00000216f85be800 ConcurrentGCThread "G1 Refine#1" [stack: 0x000000dea0a00000,0x000000dea0b00000] [id=17528]
  0x00000216f85bd800 ConcurrentGCThread "G1 Refine#2" [stack: 0x000000dea0900000,0x000000dea0a00000] [id=16912]
  0x00000216f85bd000 ConcurrentGCThread "G1 Refine#3" [stack: 0x000000dea0800000,0x000000dea0900000] [id=13220]
  0x00000216f157f800 ConcurrentGCThread "G1 Refine#4" [stack: 0x000000dea0700000,0x000000dea0800000] [id=12224]
  0x00000216f1408000 ConcurrentGCThread "G1 Refine#5" [stack: 0x000000dea0600000,0x000000dea0700000] [id=15824]
  0x00000216f1407000 ConcurrentGCThread "G1 Refine#6" [stack: 0x000000dea0500000,0x000000dea0600000] [id=8492]
  0x00000216f3b24800 ConcurrentGCThread "G1 Refine#7" [stack: 0x000000dea0400000,0x000000dea0500000] [id=14496]
  0x00000216f3b23800 ConcurrentGCThread "G1 Refine#8" [stack: 0x000000dea0300000,0x000000dea0400000] [id=16236]
  0x00000216f3b22800 ConcurrentGCThread "G1 Refine#9" [stack: 0x000000dea0200000,0x000000dea0300000] [id=12544]
  0x00000216e9a0f800 ConcurrentGCThread "G1 Young RemSet Sampling" [stack: 0x000000dea0c00000,0x000000dea0d00000] [id=18340]

Threads with active compile tasks:

VM state:not at safepoint (normal execution)

VM Mutex/Monitor currently owned by a thread: None

Heap address: 0x0000000700000000, size: 3072 MB, Compressed Oops mode: Zero based, Oop shift amount: 3
Narrow klass base: 0x0000000000000000, Narrow klass shift: 3
Compressed class space size: 1073741824 Address: 0x00000007c0000000

Heap:
 garbage-first heap   total 188416K, used 95788K [0x0000000700000000, 0x00000007001005c0, 0x00000007c0000000)
  region size 1024K, 27 young (27648K), 0 survivors (0K)
 Metaspace       used 80884K, capacity 86853K, committed 86940K, reserved 1124352K
  class space    used 11138K, capacity 12185K, committed 12188K, reserved 1048576K
Heap Regions: E=young(eden), S=young(survivor), O=old, HS=humongous(starts), HC=humongous(continues), CS=collection set, F=free, A=archive, TS=gc time stamp, AC=allocation context, TAMS=top-at-mark-start (previous, next)
|   0|0x0000000700000000, 0x00000007000e5c98, 0x0000000700100000| 89%| O|  |TS  0|AC  0|TAMS 0x0000000700000000, 0x0000000700000000|
|   1|0x0000000700100000, 0x0000000700200000, 0x0000000700200000|100%|HS|  |TS  0|AC  0|TAMS 0x0000000700100000, 0x0000000700100000|
|   2|0x0000000700200000, 0x0000000700300000, 0x0000000700300000|100%|HC|  |TS  0|AC  0|TAMS 0x0000000700200000, 0x0000000700200000|
|   3|0x0000000700300000, 0x0000000700400000, 0x0000000700400000|100%|HS|  |TS  0|AC  0|TAMS 0x0000000700300000, 0x0000000700300000|
|   4|0x0000000700400000, 0x00000007004fbb38, 0x0000000700500000| 98%| O|  |TS  0|AC  0|TAMS 0x0000000700400000, 0x0000000700400000|
|   5|0x0000000700500000, 0x00000007005d7308, 0x0000000700600000| 84%| O|  |TS  0|AC  0|TAMS 0x0000000700500000, 0x0000000700500000|
|   6|0x0000000700600000, 0x00000007006ffff0, 0x0000000700700000| 99%| O|  |TS  0|AC  0|TAMS 0x0000000700600000, 0x0000000700600000|
|   7|0x0000000700700000, 0x00000007007fffc8, 0x0000000700800000| 99%| O|  |TS  0|AC  0|TAMS 0x0000000700700000, 0x0000000700700000|
|   8|0x0000000700800000, 0x00000007008fffe8, 0x0000000700900000| 99%| O|  |TS  0|AC  0|TAMS 0x0000000700800000, 0x0000000700800000|
|   9|0x0000000700900000, 0x00000007009ffff0, 0x0000000700a00000| 99%| O|  |TS  0|AC  0|TAMS 0x0000000700900000, 0x0000000700900000|
|  10|0x0000000700a00000, 0x0000000700affdd0, 0x0000000700b00000| 99%| O|  |TS  0|AC  0|TAMS 0x0000000700a00000, 0x0000000700a00000|
|  11|0x0000000700b00000, 0x0000000700bfffe8, 0x0000000700c00000| 99%| O|  |TS  0|AC  0|TAMS 0x0000000700b00000, 0x0000000700b00000|
|  12|0x0000000700c00000, 0x0000000700cffff8, 0x0000000700d00000| 99%| O|  |TS  0|AC  0|TAMS 0x0000000700c00000, 0x0000000700c00000|
|  13|0x0000000700d00000, 0x0000000700dce710, 0x0000000700e00000| 80%| O|  |TS  0|AC  0|TAMS 0x0000000700d00000, 0x0000000700d00000|
|  14|0x0000000700e00000, 0x0000000700ef62b8, 0x0000000700f00000| 96%| O|  |TS  0|AC  0|TAMS 0x0000000700e00000, 0x0000000700e00000|
|  15|0x0000000700f00000, 0x0000000700fefe70, 0x0000000701000000| 93%| O|  |TS  0|AC  0|TAMS 0x0000000700f00000, 0x0000000700f00000|
|  16|0x0000000701000000, 0x00000007010e34e8, 0x0000000701100000| 88%| O|  |TS  0|AC  0|TAMS 0x0000000701000000, 0x0000000701000000|
|  17|0x0000000701100000, 0x00000007011f7390, 0x0000000701200000| 96%| O|  |TS  0|AC  0|TAMS 0x0000000701100000, 0x0000000701100000|
|  18|0x0000000701200000, 0x00000007012ffeb8, 0x0000000701300000| 99%| O|  |TS  0|AC  0|TAMS 0x0000000701200000, 0x0000000701200000|
|  19|0x0000000701300000, 0x00000007013ffff0, 0x0000000701400000| 99%| O|  |TS  0|AC  0|TAMS 0x0000000701300000, 0x0000000701300000|
|  20|0x0000000701400000, 0x00000007014fffd8, 0x0000000701500000| 99%| O|  |TS  0|AC  0|TAMS 0x0000000701400000, 0x0000000701400000|
|  21|0x0000000701500000, 0x0000000701600000, 0x0000000701600000|100%|HS|  |TS  0|AC  0|TAMS 0x0000000701500000, 0x0000000701500000|
|  22|0x0000000701600000, 0x0000000701700000, 0x0000000701700000|100%| O|  |TS  0|AC  0|TAMS 0x0000000701600000, 0x0000000701600000|
|  23|0x0000000701700000, 0x00000007017ffff8, 0x0000000701800000| 99%| O|  |TS  0|AC  0|TAMS 0x0000000701700000, 0x0000000701700000|
|  24|0x0000000701800000, 0x0000000701900000, 0x0000000701900000|100%| O|  |TS  0|AC  0|TAMS 0x0000000701800000, 0x0000000701800000|
|  25|0x0000000701900000, 0x00000007019ffd30, 0x0000000701a00000| 99%| O|  |TS  0|AC  0|TAMS 0x0000000701900000, 0x0000000701900000|
|  26|0x0000000701a00000, 0x0000000701afffe8, 0x0000000701b00000| 99%| O|  |TS  0|AC  0|TAMS 0x0000000701a00000, 0x0000000701a00000|
|  27|0x0000000701b00000, 0x0000000701bffff8, 0x0000000701c00000| 99%| O|  |TS  0|AC  0|TAMS 0x0000000701b00000, 0x0000000701b00000|
|  28|0x0000000701c00000, 0x0000000701cffff0, 0x0000000701d00000| 99%| O|  |TS  0|AC  0|TAMS 0x0000000701c00000, 0x0000000701c00000|
|  29|0x0000000701d00000, 0x0000000701dfffc8, 0x0000000701e00000| 99%| O|  |TS  0|AC  0|TAMS 0x0000000701d00000, 0x0000000701d00000|
|  30|0x0000000701e00000, 0x0000000701effff0, 0x0000000701f00000| 99%| O|  |TS  0|AC  0|TAMS 0x0000000701e00000, 0x0000000701e00000|
|  31|0x0000000701f00000, 0x0000000701fffff0, 0x0000000702000000| 99%| O|  |TS  0|AC  0|TAMS 0x0000000701f00000, 0x0000000701f00000|
|  32|0x0000000702000000, 0x00000007020fffe0, 0x0000000702100000| 99%| O|  |TS  0|AC  0|TAMS 0x0000000702000000, 0x0000000702000000|
|  33|0x0000000702100000, 0x00000007021fffd8, 0x0000000702200000| 99%| O|  |TS  0|AC  0|TAMS 0x0000000702100000, 0x0000000702100000|
|  34|0x0000000702200000, 0x00000007022ffff0, 0x0000000702300000| 99%| O|  |TS  0|AC  0|TAMS 0x0000000702200000, 0x0000000702200000|
|  35|0x0000000702300000, 0x00000007023dd878, 0x0000000702400000| 86%| O|  |TS  0|AC  0|TAMS 0x0000000702300000, 0x0000000702300000|
|  36|0x0000000702400000, 0x00000007024b6de8, 0x0000000702500000| 71%| O|  |TS  0|AC  0|TAMS 0x0000000702400000, 0x0000000702400000|
|  37|0x0000000702500000, 0x00000007025fffe0, 0x0000000702600000| 99%| O|  |TS  0|AC  0|TAMS 0x0000000702500000, 0x0000000702500000|
|  38|0x0000000702600000, 0x00000007026ffe68, 0x0000000702700000| 99%| O|  |TS  0|AC  0|TAMS 0x0000000702600000, 0x0000000702600000|
|  39|0x0000000702700000, 0x00000007027fffc8, 0x0000000702800000| 99%| O|  |TS  0|AC  0|TAMS 0x0000000702700000, 0x0000000702700000|
|  40|0x0000000702800000, 0x00000007028fffd0, 0x0000000702900000| 99%| O|  |TS  0|AC  0|TAMS 0x0000000702800000, 0x0000000702800000|
|  41|0x0000000702900000, 0x00000007029ffff0, 0x0000000702a00000| 99%| O|  |TS  0|AC  0|TAMS 0x0000000702900000, 0x0000000702900000|
|  42|0x0000000702a00000, 0x0000000702afffd0, 0x0000000702b00000| 99%| O|  |TS  0|AC  0|TAMS 0x0000000702a00000, 0x0000000702a00000|
|  43|0x0000000702b00000, 0x0000000702bfffe0, 0x0000000702c00000| 99%| O|  |TS  0|AC  0|TAMS 0x0000000702b00000, 0x0000000702b00000|
|  44|0x0000000702c00000, 0x0000000702d00000, 0x0000000702d00000|100%| O|  |TS  0|AC  0|TAMS 0x0000000702c00000, 0x0000000702c00000|
|  45|0x0000000702d00000, 0x0000000702dfe9f8, 0x0000000702e00000| 99%| O|  |TS  0|AC  0|TAMS 0x0000000702d00000, 0x0000000702d00000|
|  46|0x0000000702e00000, 0x0000000702f00000, 0x0000000702f00000|100%| O|  |TS  0|AC  0|TAMS 0x0000000702e00000, 0x0000000702e00000|
|  47|0x0000000702f00000, 0x0000000702ffffe8, 0x0000000703000000| 99%| O|  |TS  0|AC  0|TAMS 0x0000000702f00000, 0x0000000702f00000|
|  48|0x0000000703000000, 0x0000000703100000, 0x0000000703100000|100%|HS|  |TS  0|AC  0|TAMS 0x0000000703000000, 0x0000000703000000|
|  49|0x0000000703100000, 0x0000000703200000, 0x0000000703200000|100%|HC|  |TS  0|AC  0|TAMS 0x0000000703100000, 0x0000000703100000|
|  50|0x0000000703200000, 0x0000000703300000, 0x0000000703300000|100%|HC|  |TS  0|AC  0|TAMS 0x0000000703200000, 0x0000000703200000|
|  51|0x0000000703300000, 0x0000000703400000, 0x0000000703400000|100%|HC|  |TS  0|AC  0|TAMS 0x0000000703300000, 0x0000000703300000|
|  52|0x0000000703400000, 0x0000000703500000, 0x0000000703500000|100%|HC|  |TS  0|AC  0|TAMS 0x0000000703400000, 0x0000000703400000|
|  53|0x0000000703500000, 0x0000000703600000, 0x0000000703600000|100%|HC|  |TS  0|AC  0|TAMS 0x0000000703500000, 0x0000000703500000|
|  54|0x0000000703600000, 0x0000000703700000, 0x0000000703700000|100%|HC|  |TS  0|AC  0|TAMS 0x0000000703600000, 0x0000000703600000|
|  55|0x0000000703700000, 0x0000000703800000, 0x0000000703800000|100%|HC|  |TS  0|AC  0|TAMS 0x0000000703700000, 0x0000000703700000|
|  56|0x0000000703800000, 0x00000007038ffff8, 0x0000000703900000| 99%| O|  |TS  0|AC  0|TAMS 0x0000000703800000, 0x0000000703800000|
|  57|0x0000000703900000, 0x00000007039fff80, 0x0000000703a00000| 99%| O|  |TS  0|AC  0|TAMS 0x0000000703900000, 0x0000000703900000|
|  58|0x0000000703a00000, 0x0000000703afe478, 0x0000000703b00000| 99%| O|  |TS  0|AC  0|TAMS 0x0000000703a00000, 0x0000000703a00000|
|  59|0x0000000703b00000, 0x0000000703bfffe8, 0x0000000703c00000| 99%| O|  |TS  0|AC  0|TAMS 0x0000000703b00000, 0x0000000703b00000|
|  60|0x0000000703c00000, 0x0000000703cfffe8, 0x0000000703d00000| 99%| O|  |TS  0|AC  0|TAMS 0x0000000703c00000, 0x0000000703c00000|
|  61|0x0000000703d00000, 0x0000000703dffed8, 0x0000000703e00000| 99%| O|  |TS  0|AC  0|TAMS 0x0000000703d00000, 0x0000000703d00000|
|  62|0x0000000703e00000, 0x0000000703effff0, 0x0000000703f00000| 99%| O|  |TS  0|AC  0|TAMS 0x0000000703e00000, 0x0000000703e00000|
|  63|0x0000000703f00000, 0x0000000703fffff8, 0x0000000704000000| 99%| O|  |TS  0|AC  0|TAMS 0x0000000703f00000, 0x0000000703f00000|
|  64|0x0000000704000000, 0x00000007040ffff8, 0x0000000704100000| 99%| O|  |TS  0|AC  0|TAMS 0x0000000704000000, 0x0000000704000000|
|  65|0x0000000704100000, 0x00000007041b2c98, 0x0000000704200000| 69%| O|  |TS  0|AC  0|TAMS 0x0000000704100000, 0x0000000704100000|
|  66|0x0000000704200000, 0x0000000704200000, 0x0000000704300000|  0%| F|  |TS  0|AC  0|TAMS 0x0000000704200000, 0x0000000704200000|
|  67|0x0000000704300000, 0x0000000704300000, 0x0000000704400000|  0%| F|  |TS  0|AC  0|TAMS 0x0000000704300000, 0x0000000704300000|
|  68|0x0000000704400000, 0x0000000704400000, 0x0000000704500000|  0%| F|  |TS  0|AC  0|TAMS 0x0000000704400000, 0x0000000704400000|
|  69|0x0000000704500000, 0x0000000704500000, 0x0000000704600000|  0%| F|  |TS  0|AC  0|TAMS 0x0000000704500000, 0x0000000704500000|
|  70|0x0000000704600000, 0x0000000704600000, 0x0000000704700000|  0%| F|  |TS  0|AC  0|TAMS 0x0000000704600000, 0x0000000704600000|
|  71|0x0000000704700000, 0x0000000704700000, 0x0000000704800000|  0%| F|  |TS  0|AC  0|TAMS 0x0000000704700000, 0x0000000704700000|
|  72|0x0000000704800000, 0x0000000704800000, 0x0000000704900000|  0%| F|  |TS  0|AC  0|TAMS 0x0000000704800000, 0x0000000704800000|
|  73|0x0000000704900000, 0x0000000704900000, 0x0000000704a00000|  0%| F|  |TS  0|AC  0|TAMS 0x0000000704900000, 0x0000000704900000|
|  74|0x0000000704a00000, 0x0000000704a00000, 0x0000000704b00000|  0%| F|  |TS  0|AC  0|TAMS 0x0000000704a00000, 0x0000000704a00000|
|  75|0x0000000704b00000, 0x0000000704b00000, 0x0000000704c00000|  0%| F|  |TS  0|AC  0|TAMS 0x0000000704b00000, 0x0000000704b00000|
|  76|0x0000000704c00000, 0x0000000704c00000, 0x0000000704d00000|  0%| F|  |TS  0|AC  0|TAMS 0x0000000704c00000, 0x0000000704c00000|
|  77|0x0000000704d00000, 0x0000000704d00000, 0x0000000704e00000|  0%| F|  |TS  0|AC  0|TAMS 0x0000000704d00000, 0x0000000704d00000|
|  78|0x0000000704e00000, 0x0000000704f00000, 0x0000000704f00000|100%|HS|  |TS  0|AC  0|TAMS 0x0000000704e00000, 0x0000000704e00000|
|  79|0x0000000704f00000, 0x0000000705000000, 0x0000000705000000|100%|HC|  |TS  0|AC  0|TAMS 0x0000000704f00000, 0x0000000704f00000|
|  80|0x0000000705000000, 0x0000000705100000, 0x0000000705100000|100%|HC|  |TS  0|AC  0|TAMS 0x0000000705000000, 0x0000000705000000|
|  81|0x0000000705100000, 0x0000000705100000, 0x0000000705200000|  0%| F|  |TS  0|AC  0|TAMS 0x0000000705100000, 0x0000000705100000|
|  82|0x0000000705200000, 0x0000000705200000, 0x0000000705300000|  0%| F|  |TS  0|AC  0|TAMS 0x0000000705200000, 0x0000000705200000|
|  83|0x0000000705300000, 0x0000000705300000, 0x0000000705400000|  0%| F|  |TS  0|AC  0|TAMS 0x0000000705300000, 0x0000000705300000|
|  84|0x0000000705400000, 0x0000000705400000, 0x0000000705500000|  0%| F|  |TS  0|AC  0|TAMS 0x0000000705400000, 0x0000000705400000|
|  85|0x0000000705500000, 0x0000000705500000, 0x0000000705600000|  0%| F|  |TS  0|AC  0|TAMS 0x0000000705500000, 0x0000000705500000|
|  86|0x0000000705600000, 0x0000000705600000, 0x0000000705700000|  0%| F|  |TS  0|AC  0|TAMS 0x0000000705600000, 0x0000000705600000|
|  87|0x0000000705700000, 0x0000000705700000, 0x0000000705800000|  0%| F|  |TS  0|AC  0|TAMS 0x0000000705700000, 0x0000000705700000|
|  88|0x0000000705800000, 0x0000000705800000, 0x0000000705900000|  0%| F|  |TS  0|AC  0|TAMS 0x0000000705800000, 0x0000000705800000|
|  89|0x0000000705900000, 0x0000000705900000, 0x0000000705a00000|  0%| F|  |TS  0|AC  0|TAMS 0x0000000705900000, 0x0000000705900000|
|  90|0x0000000705a00000, 0x0000000705a00000, 0x0000000705b00000|  0%| F|  |TS  0|AC  0|TAMS 0x0000000705a00000, 0x0000000705a00000|
|  91|0x0000000705b00000, 0x0000000705b00000, 0x0000000705c00000|  0%| F|  |TS  0|AC  0|TAMS 0x0000000705b00000, 0x0000000705b00000|
|  92|0x0000000705c00000, 0x0000000705c00000, 0x0000000705d00000|  0%| F|  |TS  0|AC  0|TAMS 0x0000000705c00000, 0x0000000705c00000|
|  93|0x0000000705d00000, 0x0000000705d00000, 0x0000000705e00000|  0%| F|  |TS  0|AC  0|TAMS 0x0000000705d00000, 0x0000000705d00000|
|  94|0x0000000705e00000, 0x0000000705e00000, 0x0000000705f00000|  0%| F|  |TS  0|AC  0|TAMS 0x0000000705e00000, 0x0000000705e00000|
|  95|0x0000000705f00000, 0x0000000705f00000, 0x0000000706000000|  0%| F|  |TS  0|AC  0|TAMS 0x0000000705f00000, 0x0000000705f00000|
|  96|0x0000000706000000, 0x0000000706000000, 0x0000000706100000|  0%| F|  |TS  0|AC  0|TAMS 0x0000000706000000, 0x0000000706000000|
|  97|0x0000000706100000, 0x0000000706100000, 0x0000000706200000|  0%| F|  |TS  0|AC  0|TAMS 0x0000000706100000, 0x0000000706100000|
|  98|0x0000000706200000, 0x0000000706200000, 0x0000000706300000|  0%| F|  |TS  0|AC  0|TAMS 0x0000000706200000, 0x0000000706200000|
|  99|0x0000000706300000, 0x0000000706300000, 0x0000000706400000|  0%| F|  |TS  0|AC  0|TAMS 0x0000000706300000, 0x0000000706300000|
| 100|0x0000000706400000, 0x0000000706400000, 0x0000000706500000|  0%| F|  |TS  0|AC  0|TAMS 0x0000000706400000, 0x0000000706400000|
| 101|0x0000000706500000, 0x0000000706500000, 0x0000000706600000|  0%| F|  |TS  0|AC  0|TAMS 0x0000000706500000, 0x0000000706500000|
| 102|0x0000000706600000, 0x0000000706600000, 0x0000000706700000|  0%| F|  |TS  0|AC  0|TAMS 0x0000000706600000, 0x0000000706600000|
| 103|0x0000000706700000, 0x0000000706700000, 0x0000000706800000|  0%| F|  |TS  0|AC  0|TAMS 0x0000000706700000, 0x0000000706700000|
| 104|0x0000000706800000, 0x0000000706800000, 0x0000000706900000|  0%| F|  |TS  0|AC  0|TAMS 0x0000000706800000, 0x0000000706800000|
| 105|0x0000000706900000, 0x0000000706900000, 0x0000000706a00000|  0%| F|  |TS  0|AC  0|TAMS 0x0000000706900000, 0x0000000706900000|
| 106|0x0000000706a00000, 0x0000000706a00000, 0x0000000706b00000|  0%| F|  |TS  0|AC  0|TAMS 0x0000000706a00000, 0x0000000706a00000|
| 107|0x0000000706b00000, 0x0000000706b00000, 0x0000000706c00000|  0%| F|  |TS  0|AC  0|TAMS 0x0000000706b00000, 0x0000000706b00000|
| 108|0x0000000706c00000, 0x0000000706c00000, 0x0000000706d00000|  0%| F|  |TS  0|AC  0|TAMS 0x0000000706c00000, 0x0000000706c00000|
| 109|0x0000000706d00000, 0x0000000706d00000, 0x0000000706e00000|  0%| F|  |TS  0|AC  0|TAMS 0x0000000706d00000, 0x0000000706d00000|
| 110|0x0000000706e00000, 0x0000000706e00000, 0x0000000706f00000|  0%| F|  |TS  0|AC  0|TAMS 0x0000000706e00000, 0x0000000706e00000|
| 111|0x0000000706f00000, 0x0000000706f00000, 0x0000000707000000|  0%| F|  |TS  0|AC  0|TAMS 0x0000000706f00000, 0x0000000706f00000|
| 112|0x0000000707000000, 0x0000000707000000, 0x0000000707100000|  0%| F|  |TS  0|AC  0|TAMS 0x0000000707000000, 0x0000000707000000|
| 113|0x0000000707100000, 0x0000000707100000, 0x0000000707200000|  0%| F|  |TS  0|AC  0|TAMS 0x0000000707100000, 0x0000000707100000|
| 114|0x0000000707200000, 0x0000000707200000, 0x0000000707300000|  0%| F|  |TS  0|AC  0|TAMS 0x0000000707200000, 0x0000000707200000|
| 115|0x0000000707300000, 0x0000000707300000, 0x0000000707400000|  0%| F|  |TS  0|AC  0|TAMS 0x0000000707300000, 0x0000000707300000|
| 116|0x0000000707400000, 0x0000000707400000, 0x0000000707500000|  0%| F|  |TS  0|AC  0|TAMS 0x0000000707400000, 0x0000000707400000|
| 117|0x0000000707500000, 0x0000000707500000, 0x0000000707600000|  0%| F|  |TS  0|AC  0|TAMS 0x0000000707500000, 0x0000000707500000|
| 118|0x0000000707600000, 0x0000000707600000, 0x0000000707700000|  0%| F|  |TS  0|AC  0|TAMS 0x0000000707600000, 0x0000000707600000|
| 119|0x0000000707700000, 0x0000000707700000, 0x0000000707800000|  0%| F|  |TS  0|AC  0|TAMS 0x0000000707700000, 0x0000000707700000|
| 120|0x0000000707800000, 0x0000000707800000, 0x0000000707900000|  0%| F|  |TS  0|AC  0|TAMS 0x0000000707800000, 0x0000000707800000|
| 121|0x0000000707900000, 0x0000000707900000, 0x0000000707a00000|  0%| F|  |TS  0|AC  0|TAMS 0x0000000707900000, 0x0000000707900000|
| 122|0x0000000707a00000, 0x0000000707a00000, 0x0000000707b00000|  0%| F|  |TS  0|AC  0|TAMS 0x0000000707a00000, 0x0000000707a00000|
| 123|0x0000000707b00000, 0x0000000707b00000, 0x0000000707c00000|  0%| F|  |TS  0|AC  0|TAMS 0x0000000707b00000, 0x0000000707b00000|
| 124|0x0000000707c00000, 0x0000000707c00000, 0x0000000707d00000|  0%| F|  |TS  0|AC  0|TAMS 0x0000000707c00000, 0x0000000707c00000|
| 125|0x0000000707d00000, 0x0000000707d00000, 0x0000000707e00000|  0%| F|  |TS  0|AC  0|TAMS 0x0000000707d00000, 0x0000000707d00000|
| 126|0x0000000707e00000, 0x0000000707e00000, 0x0000000707f00000|  0%| F|  |TS  0|AC  0|TAMS 0x0000000707e00000, 0x0000000707e00000|
| 127|0x0000000707f00000, 0x0000000707f00000, 0x0000000708000000|  0%| F|  |TS  0|AC  0|TAMS 0x0000000707f00000, 0x0000000707f00000|
| 128|0x0000000708000000, 0x0000000708000000, 0x0000000708100000|  0%| F|  |TS  0|AC  0|TAMS 0x0000000708000000, 0x0000000708000000|
| 129|0x0000000708100000, 0x0000000708100000, 0x0000000708200000|  0%| F|  |TS  0|AC  0|TAMS 0x0000000708100000, 0x0000000708100000|
| 130|0x0000000708200000, 0x0000000708200000, 0x0000000708300000|  0%| F|  |TS  0|AC  0|TAMS 0x0000000708200000, 0x0000000708200000|
| 131|0x0000000708300000, 0x0000000708300000, 0x0000000708400000|  0%| F|  |TS  0|AC  0|TAMS 0x0000000708300000, 0x0000000708300000|
| 132|0x0000000708400000, 0x0000000708400000, 0x0000000708500000|  0%| F|  |TS  0|AC  0|TAMS 0x0000000708400000, 0x0000000708400000|
| 133|0x0000000708500000, 0x0000000708500000, 0x0000000708600000|  0%| F|  |TS  0|AC  0|TAMS 0x0000000708500000, 0x0000000708500000|
| 134|0x0000000708600000, 0x0000000708600000, 0x0000000708700000|  0%| F|  |TS  0|AC  0|TAMS 0x0000000708600000, 0x0000000708600000|
| 135|0x0000000708700000, 0x0000000708700000, 0x0000000708800000|  0%| F|  |TS  0|AC  0|TAMS 0x0000000708700000, 0x0000000708700000|
| 136|0x0000000708800000, 0x0000000708800000, 0x0000000708900000|  0%| F|  |TS  0|AC  0|TAMS 0x0000000708800000, 0x0000000708800000|
| 137|0x0000000708900000, 0x0000000708900000, 0x0000000708a00000|  0%| F|  |TS  0|AC  0|TAMS 0x0000000708900000, 0x0000000708900000|
| 138|0x0000000708a00000, 0x0000000708a00000, 0x0000000708b00000|  0%| F|  |TS  0|AC  0|TAMS 0x0000000708a00000, 0x0000000708a00000|
| 139|0x0000000708b00000, 0x0000000708b00000, 0x0000000708c00000|  0%| F|  |TS  0|AC  0|TAMS 0x0000000708b00000, 0x0000000708b00000|
| 140|0x0000000708c00000, 0x0000000708c00000, 0x0000000708d00000|  0%| F|  |TS  0|AC  0|TAMS 0x0000000708c00000, 0x0000000708c00000|
| 141|0x0000000708d00000, 0x0000000708d00000, 0x0000000708e00000|  0%| F|  |TS  0|AC  0|TAMS 0x0000000708d00000, 0x0000000708d00000|
| 142|0x0000000708e00000, 0x0000000708e00000, 0x0000000708f00000|  0%| F|  |TS  0|AC  0|TAMS 0x0000000708e00000, 0x0000000708e00000|
| 143|0x0000000708f00000, 0x0000000708f00000, 0x0000000709000000|  0%| F|  |TS  0|AC  0|TAMS 0x0000000708f00000, 0x0000000708f00000|
| 144|0x0000000709000000, 0x0000000709000000, 0x0000000709100000|  0%| F|  |TS  0|AC  0|TAMS 0x0000000709000000, 0x0000000709000000|
| 145|0x0000000709100000, 0x0000000709100000, 0x0000000709200000|  0%| F|  |TS  0|AC  0|TAMS 0x0000000709100000, 0x0000000709100000|
| 146|0x0000000709200000, 0x0000000709200000, 0x0000000709300000|  0%| F|  |TS  0|AC  0|TAMS 0x0000000709200000, 0x0000000709200000|
| 147|0x0000000709300000, 0x0000000709300000, 0x0000000709400000|  0%| F|  |TS  0|AC  0|TAMS 0x0000000709300000, 0x0000000709300000|
| 148|0x0000000709400000, 0x0000000709400000, 0x0000000709500000|  0%| F|  |TS  0|AC  0|TAMS 0x0000000709400000, 0x0000000709400000|
| 149|0x0000000709500000, 0x0000000709500000, 0x0000000709600000|  0%| F|  |TS  0|AC  0|TAMS 0x0000000709500000, 0x0000000709500000|
| 150|0x0000000709600000, 0x0000000709600000, 0x0000000709700000|  0%| F|  |TS  0|AC  0|TAMS 0x0000000709600000, 0x0000000709600000|
| 151|0x0000000709700000, 0x0000000709700000, 0x0000000709800000|  0%| F|  |TS  0|AC  0|TAMS 0x0000000709700000, 0x0000000709700000|
| 152|0x0000000709800000, 0x0000000709800000, 0x0000000709900000|  0%| F|  |TS  0|AC  0|TAMS 0x0000000709800000, 0x0000000709800000|
| 153|0x0000000709900000, 0x0000000709900000, 0x0000000709a00000|  0%| F|  |TS  0|AC  0|TAMS 0x0000000709900000, 0x0000000709900000|
| 154|0x0000000709a00000, 0x0000000709a00000, 0x0000000709b00000|  0%| F|  |TS  0|AC  0|TAMS 0x0000000709a00000, 0x0000000709a00000|
| 155|0x0000000709b00000, 0x0000000709b00000, 0x0000000709c00000|  0%| F|  |TS  0|AC  0|TAMS 0x0000000709b00000, 0x0000000709b00000|
| 156|0x0000000709c00000, 0x0000000709c00000, 0x0000000709d00000|  0%| F|  |TS  0|AC  0|TAMS 0x0000000709c00000, 0x0000000709c00000|
| 157|0x0000000709d00000, 0x0000000709dc79a8, 0x0000000709e00000| 77%| E|  |TS  0|AC  0|TAMS 0x0000000709d00000, 0x0000000709d00000|
| 158|0x0000000709e00000, 0x0000000709f00000, 0x0000000709f00000|100%| E|CS|TS  0|AC  0|TAMS 0x0000000709e00000, 0x0000000709e00000|
| 159|0x0000000709f00000, 0x000000070a000000, 0x000000070a000000|100%| E|CS|TS  0|AC  0|TAMS 0x0000000709f00000, 0x0000000709f00000|
| 160|0x000000070a000000, 0x000000070a100000, 0x000000070a100000|100%| E|CS|TS  0|AC  0|TAMS 0x000000070a000000, 0x000000070a000000|
| 161|0x000000070a100000, 0x000000070a200000, 0x000000070a200000|100%| E|CS|TS  0|AC  0|TAMS 0x000000070a100000, 0x000000070a100000|
| 162|0x000000070a200000, 0x000000070a300000, 0x000000070a300000|100%| E|CS|TS  0|AC  0|TAMS 0x000000070a200000, 0x000000070a200000|
| 163|0x000000070a300000, 0x000000070a400000, 0x000000070a400000|100%| E|CS|TS  0|AC  0|TAMS 0x000000070a300000, 0x000000070a300000|
| 164|0x000000070a400000, 0x000000070a500000, 0x000000070a500000|100%| E|CS|TS  0|AC  0|TAMS 0x000000070a400000, 0x000000070a400000|
| 165|0x000000070a500000, 0x000000070a600000, 0x000000070a600000|100%| E|CS|TS  0|AC  0|TAMS 0x000000070a500000, 0x000000070a500000|
| 166|0x000000070a600000, 0x000000070a700000, 0x000000070a700000|100%| E|CS|TS  0|AC  0|TAMS 0x000000070a600000, 0x000000070a600000|
| 167|0x000000070a700000, 0x000000070a800000, 0x000000070a800000|100%| E|CS|TS  0|AC  0|TAMS 0x000000070a700000, 0x000000070a700000|
| 168|0x000000070a800000, 0x000000070a900000, 0x000000070a900000|100%| E|CS|TS  0|AC  0|TAMS 0x000000070a800000, 0x000000070a800000|
| 169|0x000000070a900000, 0x000000070aa00000, 0x000000070aa00000|100%| E|CS|TS  0|AC  0|TAMS 0x000000070a900000, 0x000000070a900000|
| 170|0x000000070aa00000, 0x000000070ab00000, 0x000000070ab00000|100%| E|CS|TS  0|AC  0|TAMS 0x000000070aa00000, 0x000000070aa00000|
| 171|0x000000070ab00000, 0x000000070ac00000, 0x000000070ac00000|100%| E|CS|TS  0|AC  0|TAMS 0x000000070ab00000, 0x000000070ab00000|
| 172|0x000000070ac00000, 0x000000070ad00000, 0x000000070ad00000|100%| E|CS|TS  0|AC  0|TAMS 0x000000070ac00000, 0x000000070ac00000|
| 173|0x000000070ad00000, 0x000000070ae00000, 0x000000070ae00000|100%| E|CS|TS  0|AC  0|TAMS 0x000000070ad00000, 0x000000070ad00000|
| 174|0x000000070ae00000, 0x000000070af00000, 0x000000070af00000|100%| E|CS|TS  0|AC  0|TAMS 0x000000070ae00000, 0x000000070ae00000|
| 175|0x000000070af00000, 0x000000070b000000, 0x000000070b000000|100%| E|CS|TS  0|AC  0|TAMS 0x000000070af00000, 0x000000070af00000|
| 176|0x000000070b000000, 0x000000070b100000, 0x000000070b100000|100%| E|CS|TS  0|AC  0|TAMS 0x000000070b000000, 0x000000070b000000|
| 177|0x000000070b100000, 0x000000070b200000, 0x000000070b200000|100%| E|CS|TS  0|AC  0|TAMS 0x000000070b100000, 0x000000070b100000|
| 178|0x000000070b200000, 0x000000070b300000, 0x000000070b300000|100%| E|CS|TS  0|AC  0|TAMS 0x000000070b200000, 0x000000070b200000|
| 179|0x000000070b300000, 0x000000070b400000, 0x000000070b400000|100%| E|CS|TS  0|AC  0|TAMS 0x000000070b300000, 0x000000070b300000|
| 180|0x000000070b400000, 0x000000070b500000, 0x000000070b500000|100%| E|CS|TS  0|AC  0|TAMS 0x000000070b400000, 0x000000070b400000|
| 181|0x000000070b500000, 0x000000070b600000, 0x000000070b600000|100%| E|CS|TS  0|AC  0|TAMS 0x000000070b500000, 0x000000070b500000|
| 182|0x000000070b600000, 0x000000070b700000, 0x000000070b700000|100%| E|CS|TS  0|AC  0|TAMS 0x000000070b600000, 0x000000070b600000|
| 183|0x000000070b700000, 0x000000070b800000, 0x000000070b800000|100%| E|CS|TS  0|AC  0|TAMS 0x000000070b700000, 0x000000070b700000|

Card table byte_map: [0x00000216f5550000,0x00000216f5b50000] byte_map_base: 0x00000216f1d50000

Marking Bits (Prev, Next): (CMBitMap*) 0x00000216f1580950, (CMBitMap*) 0x00000216f1580988
 Prev Bits: [0x000002168f000000, 0x0000021692000000)
 Next Bits: [0x0000021692000000, 0x0000021695000000)

Polling page: 0x00000216e9b90000

CodeHeap 'non-profiled nmethods': size=120000Kb used=17378Kb max_used=17378Kb free=102621Kb
 bounds [0x0000021687ad0000, 0x0000021688bd0000, 0x000002168f000000]
CodeHeap 'profiled nmethods': size=120000Kb used=38177Kb max_used=38177Kb free=81823Kb
 bounds [0x00000216805a0000, 0x0000021682b20000, 0x0000021687ad0000]
CodeHeap 'non-nmethods': size=5760Kb used=1755Kb max_used=1820Kb free=4004Kb
 bounds [0x0000021680000000, 0x0000021680270000, 0x00000216805a0000]
 total_blobs=27211 nmethods=15405 adapters=1077
 compilation: enabled

Compilation events (10 events):
Event: 456.610 Thread 0x00000216ee8d2800 18975       4       com.jidesoft.list.StyledListCellRenderer::firePropertyChange (17 bytes)
Event: 456.610 Thread 0x00000216ee8d2800 nmethod 18975 0x0000021688640990 code [0x0000021688640b20, 0x0000021688640cc8]
Event: 456.676 Thread 0x00000216f22b8000 18976       3       java.lang.invoke.LambdaForm$BMH/183284570::reinvoke (277 bytes)
Event: 456.676 Thread 0x00000216f22b8000 nmethod 18976 0x0000021682b17b10 code [0x0000021682b17e40, 0x0000021682b19f20]
Event: 456.803 Thread 0x00000216ee8d4000 18977       4       de.javasoft.plaf.synthetica.painter.UIKey::<init> (403 bytes)
Event: 456.871 Thread 0x00000216ee8d4000 nmethod 18977 0x0000021688bc4810 code [0x0000021688bc4bc0, 0x0000021688bc99a8]
Event: 457.507 Thread 0x00000216f22b8000 18978       3       com.google.protobuf.UnknownFieldSet::getSerializedSize (68 bytes)
Event: 457.507 Thread 0x00000216f22b8000 nmethod 18978 0x0000021682b1a710 code [0x0000021682b1a960, 0x0000021682b1b430]
Event: 457.507 Thread 0x00000216f22b8000 18979       3       com.google.protobuf.CodedOutputStream$ArrayEncoder::spaceLeft (10 bytes)
Event: 457.507 Thread 0x00000216f22b8000 nmethod 18979 0x0000021682036290 code [0x0000021682036440, 0x0000021682036598]

GC Heap History (10 events):
Event: 430.222 GC heap before
{Heap before GC invocations=111 (full 48):
 garbage-first heap   total 188416K, used 101617K [0x0000000700000000, 0x00000007001005c0, 0x00000007c0000000)
  region size 1024K, 32 young (32768K), 0 survivors (0K)
 Metaspace       used 80687K, capacity 86661K, committed 86684K, reserved 1124352K
  class space    used 11138K, capacity 12185K, committed 12188K, reserved 1048576K
}
Event: 430.364 GC heap after
{Heap after GC invocations=112 (full 49):
 garbage-first heap   total 188416K, used 69905K [0x0000000700000000, 0x00000007001005c0, 0x00000007c0000000)
  region size 1024K, 0 young (0K), 0 survivors (0K)
 Metaspace       used 80687K, capacity 86661K, committed 86684K, reserved 1124352K
  class space    used 11138K, capacity 12185K, committed 12188K, reserved 1048576K
}
Event: 433.936 GC heap before
{Heap before GC invocations=112 (full 49):
 garbage-first heap   total 188416K, used 72977K [0x0000000700000000, 0x00000007001005c0, 0x00000007c0000000)
  region size 1024K, 4 young (4096K), 0 survivors (0K)
 Metaspace       used 80701K, capacity 86661K, committed 86684K, reserved 1124352K
  class space    used 11138K, capacity 12185K, committed 12188K, reserved 1048576K
}
Event: 434.068 GC heap after
{Heap after GC invocations=113 (full 50):
 garbage-first heap   total 188416K, used 69841K [0x0000000700000000, 0x00000007001005c0, 0x00000007c0000000)
  region size 1024K, 0 young (0K), 0 survivors (0K)
 Metaspace       used 80701K, capacity 86661K, committed 86684K, reserved 1124352K
  class space    used 11138K, capacity 12185K, committed 12188K, reserved 1048576K
}
Event: 435.175 GC heap before
{Heap before GC invocations=113 (full 50):
 garbage-first heap   total 188416K, used 71889K [0x0000000700000000, 0x00000007001005c0, 0x00000007c0000000)
  region size 1024K, 3 young (3072K), 0 survivors (0K)
 Metaspace       used 80705K, capacity 86661K, committed 86684K, reserved 1124352K
  class space    used 11138K, capacity 12185K, committed 12188K, reserved 1048576K
}
Event: 435.307 GC heap after
{Heap after GC invocations=114 (full 51):
 garbage-first heap   total 188416K, used 69834K [0x0000000700000000, 0x00000007001005c0, 0x00000007c0000000)
  region size 1024K, 0 young (0K), 0 survivors (0K)
 Metaspace       used 80705K, capacity 86661K, committed 86684K, reserved 1124352K
  class space    used 11138K, capacity 12185K, committed 12188K, reserved 1048576K
}
Event: 447.961 GC heap before
{Heap before GC invocations=114 (full 51):
 garbage-first heap   total 188416K, used 142538K [0x0000000700000000, 0x00000007001005c0, 0x00000007c0000000)
  region size 1024K, 60 young (61440K), 0 survivors (0K)
 Metaspace       used 80734K, capacity 86789K, committed 86940K, reserved 1124352K
  class space    used 11138K, capacity 12185K, committed 12188K, reserved 1048576K
}
Event: 447.964 GC heap after
{Heap after GC invocations=115 (full 51):
 garbage-first heap   total 188416K, used 81592K [0x0000000700000000, 0x00000007001005c0, 0x00000007c0000000)
  region size 1024K, 1 young (1024K), 1 survivors (1024K)
 Metaspace       used 80734K, capacity 86789K, committed 86940K, reserved 1124352K
  class space    used 11138K, capacity 12185K, committed 12188K, reserved 1048576K
}
Event: 449.793 GC heap before
{Heap before GC invocations=115 (full 51):
 garbage-first heap   total 188416K, used 99000K [0x0000000700000000, 0x00000007001005c0, 0x00000007c0000000)
  region size 1024K, 19 young (19456K), 1 survivors (1024K)
 Metaspace       used 80857K, capacity 86853K, committed 86940K, reserved 1124352K
  class space    used 11138K, capacity 12185K, committed 12188K, reserved 1048576K
}
Event: 449.930 GC heap after
{Heap after GC invocations=116 (full 52):
 garbage-first heap   total 188416K, used 69164K [0x0000000700000000, 0x00000007001005c0, 0x00000007c0000000)
  region size 1024K, 0 young (0K), 0 survivors (0K)
 Metaspace       used 80857K, capacity 86853K, committed 86940K, reserved 1124352K
  class space    used 11138K, capacity 12185K, committed 12188K, reserved 1048576K
}

Deoptimization events (10 events):
Event: 367.906 Thread 0x0000021697d0e800 Uncommon trap: reason=class_check action=maybe_recompile pc=0x0000021688b24b14 method=javax.swing.RepaintManager$4.run()Ljava/lang/Void; @ 91 c2
Event: 390.345 Thread 0x0000021697d0e800 Uncommon trap: reason=class_check action=maybe_recompile pc=0x0000021688b24b14 method=javax.swing.RepaintManager$4.run()Ljava/lang/Void; @ 91 c2
Event: 416.444 Thread 0x0000021697d0e800 Uncommon trap: reason=class_check action=maybe_recompile pc=0x0000021688b24b14 method=javax.swing.RepaintManager$4.run()Ljava/lang/Void; @ 91 c2
Event: 428.313 Thread 0x0000021697d0e800 Uncommon trap: reason=class_check action=maybe_recompile pc=0x0000021688b25d14 method=javax.swing.RepaintManager$4.run()Ljava/lang/Void; @ 91 c2
Event: 447.980 Thread 0x0000021697d0e800 Uncommon trap: reason=class_check action=maybe_recompile pc=0x0000021688755a60 method=com.jidesoft.grid.CellSpanTable.isCellSpanOn()Z @ 54 c2
Event: 448.077 Thread 0x000002169a978000 Uncommon trap: reason=unstable_if action=reinterpret pc=0x0000021688b6e098 method=ui.utils.lnf.b.run()V @ 274 c2
Event: 448.896 Thread 0x0000021697d0e800 Uncommon trap: reason=class_check action=maybe_recompile pc=0x00000216888cf0a8 method=javax.swing.SwingUtilities.convertPointFromScreen(Ljava/awt/Point;Ljava/awt/Component;)V @ 29 c2
Event: 448.896 Thread 0x0000021697d0e800 Uncommon trap: reason=class_check action=maybe_recompile pc=0x00000216888cf0a8 method=javax.swing.SwingUtilities.convertPointFromScreen(Ljava/awt/Point;Ljava/awt/Component;)V @ 29 c2
Event: 451.331 Thread 0x0000021697d0e800 Uncommon trap: reason=unstable_if action=reinterpret pc=0x0000021687ef7624 method=sun.java2d.pipe.Region.getIntersection(Lsun/java2d/pipe/Region;)Lsun/java2d/pipe/Region; @ 15 c2
Event: 455.088 Thread 0x0000021697d0e800 Uncommon trap: reason=unstable_if action=reinterpret pc=0x0000021687d98180 method=sun.awt.PostEventQueue.flush()V @ 23 c2

Classes redefined (0 events):
No events

Internal exceptions (10 events):
Event: 97.034 Thread 0x0000021697d0e800 Exception <a 'java/awt/IllegalComponentStateException'{0x000000070960a6c8}> (0x000000070960a6c8) thrown at [t:/workspace/hotspot/src/share/vm/prims/jvm.cpp, line 1314]
Event: 97.290 Thread 0x000002169a980000 Exception <a 'java/lang/InterruptedException'{0x000000070948e688}: sleep interrupted> (0x000000070948e688) thrown at [t:/workspace/hotspot/src/share/vm/prims/jvm.cpp, line 2984]
Event: 97.290 Thread 0x000002169a980000 Implicit null exception at 0x000002168858832d to 0x0000021688588af9
Event: 97.291 Thread 0x000002169a980000 Exception <a 'java/lang/InterruptedException'{0x000000070949c178}: sleep interrupted> (0x000000070949c178) thrown at [t:/workspace/hotspot/src/share/vm/prims/jvm.cpp, line 2984]
Event: 97.914 Thread 0x0000021697d0e800 Exception <a 'java/lang/NoSuchMethodError'{0x000000070af42a80}: java.lang.invoke.DirectMethodHandle$Holder.invokeSpecial(Ljava/lang/Object;Ljava/lang/Object;IILjava/lang/Object;Ljava/lang/Object;I)Ljava/lang/Object;> (0x000000070af42a80) thrown at [t:/wor
Event: 97.914 Thread 0x0000021697d0e800 Exception <a 'java/lang/NoSuchMethodError'{0x000000070af46140}: java.lang.invoke.DelegatingMethodHandle$Holder.reinvoke_L(Ljava/lang/Object;IILjava/lang/Object;Ljava/lang/Object;I)Ljava/lang/Object;> (0x000000070af46140) thrown at [t:/workspace/hotspot/sr
Event: 106.563 Thread 0x0000021697d0e800 Exception <a 'java/lang/NoSuchMethodError'{0x0000000709ce3268}: java.lang.invoke.DirectMethodHandle$Holder.invokeSpecial(Ljava/lang/Object;Ljava/lang/Object;IILjava/lang/Object;Ljava/lang/Object;Ljava/lang/Object;ILjava/lang/Object;)Ljava/lang/Object;> (0
Event: 106.563 Thread 0x0000021697d0e800 Exception <a 'java/lang/NoSuchMethodError'{0x0000000709ce6cd8}: java.lang.invoke.DelegatingMethodHandle$Holder.reinvoke_L(Ljava/lang/Object;IILjava/lang/Object;Ljava/lang/Object;Ljava/lang/Object;ILjava/lang/Object;)Ljava/lang/Object;> (0x0000000709ce6cd8
Event: 106.564 Thread 0x0000021697d0e800 Exception <a 'java/lang/NoSuchMethodError'{0x0000000709b3eec0}: method resolution failed> (0x0000000709b3eec0) thrown at [t:/workspace/hotspot/src/share/vm/prims/methodHandles.cpp, line 1256]
Event: 106.564 Thread 0x0000021697d0e800 Exception <a 'java/lang/NoSuchMethodError'{0x0000000709b42ba0}: java.lang.invoke.DelegatingMethodHandle$Holder.reinvoke_L(Ljava/lang/Object;Ljava/lang/Object;Ljava/lang/Object;Ljava/lang/Object;ILjava/lang/Object;)Ljava/lang/Object;> (0x0000000709b42ba0) 

Events (10 events):
Event: 454.485 Thread 0x000002169a981000 Thread exited: 0x000002169a981000
Event: 455.088 Thread 0x0000021697d0e800 Uncommon trap: trap_request=0xffffff5d fr.pc=0x0000021687d98180 relative=0x0000000000002640
Event: 455.088 Thread 0x0000021697d0e800 DEOPT PACKING pc=0x0000021687d98180 sp=0x000000dea61fee20
Event: 455.088 Thread 0x0000021697d0e800 DEOPT UNPACKING pc=0x000002168004df29 sp=0x000000dea61fee28 mode 2
Event: 455.486 Thread 0x000002169a984800 Thread added: 0x000002169a984800
Event: 455.490 Thread 0x000002169a984800 Thread exited: 0x000002169a984800
Event: 456.487 Thread 0x000002169a97e800 Thread added: 0x000002169a97e800
Event: 456.490 Thread 0x000002169a97e800 Thread exited: 0x000002169a97e800
Event: 457.487 Thread 0x000002169a981000 Thread added: 0x000002169a981000
Event: 457.491 Thread 0x000002169a981000 Thread exited: 0x000002169a981000


Dynamic libraries:
0x00007ff7ed950000 - 0x00007ff7ed980000 	C:\Xilinx\Vivado\2019.1\bin\unwrapped\win64.o\vivado.exe
0x00007ffc34b50000 - 0x00007ffc34d45000 	C:\WINDOWS\SYSTEM32\ntdll.dll
0x00007ffc32cc0000 - 0x00007ffc32d7d000 	C:\WINDOWS\System32\KERNEL32.DLL
0x00007ffc32290000 - 0x00007ffc32558000 	C:\WINDOWS\System32\KERNELBASE.dll
0x00007ffc32560000 - 0x00007ffc32660000 	C:\WINDOWS\System32\ucrtbase.dll
0x00007ffc247a0000 - 0x00007ffc24832000 	C:\WINDOWS\SYSTEM32\MSVCP140.dll
0x00007ffc258a0000 - 0x00007ffc258b4000 	C:\Xilinx\Vivado\2019.1\lib\win64.o\libboost_signals.dll
0x00007ffc25860000 - 0x00007ffc25874000 	C:\Xilinx\Vivado\2019.1\lib\win64.o\librdi_commonmain.dll
0x00007ffbbeaf0000 - 0x00007ffbbf9d2000 	C:\Xilinx\Vivado\2019.1\lib\win64.o\librdi_common.dll
0x00007ffc24840000 - 0x00007ffc24859000 	C:\WINDOWS\SYSTEM32\VCRUNTIME140.dll
0x00007ffc33300000 - 0x00007ffc334a0000 	C:\WINDOWS\System32\USER32.dll
0x00007ffc24790000 - 0x00007ffc2479c000 	C:\WINDOWS\SYSTEM32\VCRUNTIME140_1.dll
0x00007ffc326b0000 - 0x00007ffc326d2000 	C:\WINDOWS\System32\win32u.dll
0x00007ffc25830000 - 0x00007ffc25856000 	C:\Xilinx\Vivado\2019.1\lib\win64.o\libboost_filesystem.dll
0x00007ffc349b0000 - 0x00007ffc349da000 	C:\WINDOWS\System32\GDI32.dll
0x00007ffc339d0000 - 0x00007ffc33a7c000 	C:\WINDOWS\System32\ADVAPI32.dll
0x00007ffc329d0000 - 0x00007ffc32adb000 	C:\WINDOWS\System32\gdi32full.dll
0x00007ffc33930000 - 0x00007ffc339ce000 	C:\WINDOWS\System32\msvcrt.dll
0x00007ffc2bdc0000 - 0x00007ffc2bdca000 	C:\Xilinx\Vivado\2019.1\lib\win64.o\librdi_commonversion.dll
0x00007ffc32b10000 - 0x00007ffc32bad000 	C:\WINDOWS\System32\msvcp_win.dll
0x00007ffc334a0000 - 0x00007ffc3353b000 	C:\WINDOWS\System32\sechost.dll
0x00007ffc33750000 - 0x00007ffc3387b000 	C:\WINDOWS\System32\RPCRT4.dll
0x00007ffbfc120000 - 0x00007ffbfc241000 	C:\Xilinx\Vivado\2019.1\lib\win64.o\librdi_commonxillic.dll
0x00007ffc33af0000 - 0x00007ffc34232000 	C:\WINDOWS\System32\SHELL32.dll
0x000000006ee10000 - 0x000000006ef3b000 	C:\Xilinx\Vivado\2019.1\lib\win64.o\tcl85t.dll
0x00007ffc33a80000 - 0x00007ffc33aeb000 	C:\WINDOWS\System32\WS2_32.dll
0x00007ffc1c830000 - 0x00007ffc1c844000 	C:\Xilinx\Vivado\2019.1\lib\win64.o\libboost_date_time.dll
0x00007ffbd1ea0000 - 0x00007ffbd220e000 	C:\Xilinx\Vivado\2019.1\lib\win64.o\libCOIN-all.dll
0x00007ffc06700000 - 0x00007ffc0677f000 	C:\Xilinx\Vivado\2019.1\lib\win64.o\libboost_program_options.dll
0x00007ffbf8440000 - 0x00007ffbf8554000 	C:\Xilinx\Vivado\2019.1\lib\win64.o\libboost_regex.dll
0x00007ffc28220000 - 0x00007ffc2822b000 	C:\Xilinx\Vivado\2019.1\lib\win64.o\libboost_system.dll
0x00007ffc101d0000 - 0x00007ffc101f1000 	C:\Xilinx\Vivado\2019.1\lib\win64.o\libboost_thread.dll
0x00007ffc27e60000 - 0x00007ffc27e6f000 	C:\Xilinx\Vivado\2019.1\lib\win64.o\libboost_xilinx.dll
0x00007ffbfb230000 - 0x00007ffbfb2d5000 	C:\Xilinx\Vivado\2019.1\lib\win64.o\libhdxml.dll
0x00007ffbfa450000 - 0x00007ffbfa4d2000 	C:\Xilinx\Vivado\2019.1\lib\win64.o\libhdlpsolve.dll
0x00007ffbbdf40000 - 0x00007ffbbeaef400 	C:\Xilinx\Vivado\2019.1\lib\win64.o\libisl_iostreams.dll
0x00007ffc0f060000 - 0x00007ffc0f08e000 	C:\Xilinx\Vivado\2019.1\lib\win64.o\libisl_sysinfo.dll
0x00007ffbfd870000 - 0x00007ffbfd8d5000 	C:\Xilinx\Vivado\2019.1\lib\win64.o\liblmx6.0.dll
0x00007ffc1b320000 - 0x00007ffc1b33a000 	C:\Xilinx\Vivado\2019.1\lib\win64.o\pthreadVC2.dll
0x00007ffc15080000 - 0x00007ffc1509c000 	C:\Xilinx\Vivado\2019.1\lib\win64.o\librdiconfig.dll
0x00007ffc0ec50000 - 0x00007ffc0ec71000 	C:\Xilinx\Vivado\2019.1\lib\win64.o\librdizlib.dll
0x0000000012000000 - 0x0000000012270000 	C:\Xilinx\Vivado\2019.1\lib\win64.o\xerces-c_3_1.dll
0x00007ffc1c810000 - 0x00007ffc1c828000 	C:\WINDOWS\SYSTEM32\NETAPI32.dll
0x00007ffc1b530000 - 0x00007ffc1ba0d000 	C:\WINDOWS\SYSTEM32\WININET.dll
0x00007ffc2b830000 - 0x00007ffc2b93b000 	C:\WINDOWS\SYSTEM32\WINHTTP.dll
0x00007ffc24c80000 - 0x00007ffc24e6e000 	C:\WINDOWS\SYSTEM32\urlmon.dll
0x00007ffbd3ef0000 - 0x00007ffbd41c8000 	C:\Xilinx\Vivado\2019.1\lib\win64.o\libXil_lmgr11.dll
0x00007ffc32bb0000 - 0x00007ffc32c8a000 	C:\WINDOWS\System32\COMDLG32.dll
0x00007ffc21f10000 - 0x00007ffc21f19000 	C:\WINDOWS\SYSTEM32\WSOCK32.dll
0x00007ffc34370000 - 0x00007ffc346c5000 	C:\WINDOWS\System32\combase.dll
0x00007ffc0e7a0000 - 0x00007ffc0e7ce000 	C:\WINDOWS\SYSTEM32\VCOMP140.DLL
0x00007ffc33250000 - 0x00007ffc332fe000 	C:\WINDOWS\System32\shcore.dll
0x00007ffbbd0a0000 - 0x00007ffbbdf31000 	C:\Xilinx\Vivado\2019.1\lib\win64.o\gurobi65.dll
0x00007ffc336f0000 - 0x00007ffc33745000 	C:\WINDOWS\System32\SHLWAPI.dll
0x00007ffc34a40000 - 0x00007ffc34b0d000 	C:\WINDOWS\System32\OLEAUT32.dll
0x00007ffc34880000 - 0x00007ffc349aa000 	C:\WINDOWS\System32\ole32.dll
0x00007ffc32810000 - 0x00007ffc32870000 	C:\WINDOWS\System32\WINTRUST.dll
0x00007ffc258e0000 - 0x00007ffc258ed000 	C:\Xilinx\Vivado\2019.1\lib\win64.o\libboost_chrono.dll
0x00007ffc32870000 - 0x00007ffc329cf000 	C:\WINDOWS\System32\CRYPT32.dll
0x00007ffc14820000 - 0x00007ffc1483b000 	C:\Xilinx\Vivado\2019.1\lib\win64.o\libboost_iostreams.dll
0x00007ffc0ccd0000 - 0x00007ffc0ccf5000 	C:\Xilinx\Vivado\2019.1\lib\win64.o\libisl_iosutils.dll
0x00007ffc24980000 - 0x00007ffc24c30000 	C:\WINDOWS\SYSTEM32\iertutil.dll
0x00007ffc233c0000 - 0x00007ffc23470000 	C:\WINDOWS\WinSxS\amd64_microsoft.windows.common-controls_6595b64144ccf1df_5.82.19041.844_none_423537bff6b9828c\COMCTL32.dll
0x00007ffc2a6b0000 - 0x00007ffc2a6cd000 	C:\WINDOWS\SYSTEM32\dhcpcsvc.DLL
0x00007ffc31870000 - 0x00007ffc3187c000 	C:\WINDOWS\SYSTEM32\NETUTILS.DLL
0x00007ffc32c90000 - 0x00007ffc32cc0000 	C:\WINDOWS\System32\IMM32.DLL
0x00007ffc31e80000 - 0x00007ffc31e92000 	C:\WINDOWS\SYSTEM32\MSASN1.dll
0x00007ffc30b60000 - 0x00007ffc30b72000 	C:\WINDOWS\SYSTEM32\kernel.appcore.dll
0x00007ffbd1980000 - 0x00007ffbd1e97000 	C:\Xilinx\Vivado\2019.1\lib\win64.o\librdi_commontasks.dll
0x00007ffc296d0000 - 0x00007ffc296da000 	C:\WINDOWS\SYSTEM32\VERSION.dll
0x00007ffbd16f0000 - 0x00007ffbd1976000 	C:\Xilinx\Vivado\2019.1\lib\win64.o\librdi_sio.dll
0x000000006e2f0000 - 0x000000006ed15000 	C:\Xilinx\Vivado\2019.1\tps\win64\jre9.0.4\bin\server\jvm.dll
0x00007ffc347e0000 - 0x00007ffc347e8000 	C:\WINDOWS\System32\PSAPI.DLL
0x00007ffc31710000 - 0x00007ffc3174b000 	C:\WINDOWS\SYSTEM32\IPHLPAPI.DLL
0x00007ffc26f80000 - 0x00007ffc26fa7000 	C:\WINDOWS\SYSTEM32\WINMM.dll
0x00007ffc24880000 - 0x00007ffc2496f000 	C:\WINDOWS\SYSTEM32\MSVCR120.dll
0x00007ffc31a70000 - 0x00007ffc31ada000 	C:\WINDOWS\SYSTEM32\MSWSOCK.DLL
0x00007ffc302e0000 - 0x00007ffc30a70000 	C:\WINDOWS\SYSTEM32\windows.storage.dll
0x00007ffc31d00000 - 0x00007ffc31d2c000 	C:\WINDOWS\SYSTEM32\Wldp.dll
0x00007ffbbabe0000 - 0x00007ffbbd09c000 	C:\Xilinx\Vivado\2019.1\lib\win64.o\librdi_tcltasks.dll
0x00007ffbc4470000 - 0x00007ffbc4878000 	C:\Xilinx\Vivado\2019.1\lib\win64.o\librdi_bitstream.dll
0x00007ffbf6cf0000 - 0x00007ffbf6d68000 	C:\Xilinx\Vivado\2019.1\lib\win64.o\librdi_boarddep.dll
0x00007ffbef8e0000 - 0x00007ffbef9cb000 	C:\Xilinx\Vivado\2019.1\lib\win64.o\librdi_chipscope.dll
0x00007ffbf5540000 - 0x00007ffbf56d1000 	C:\Xilinx\Vivado\2019.1\lib\win64.o\librdi_board.dll
0x00007ffbef690000 - 0x00007ffbef84d000 	C:\Xilinx\Vivado\2019.1\lib\win64.o\librdi_chipscopeimpl.dll
0x00007ffbec340000 - 0x00007ffbec496000 	C:\Xilinx\Vivado\2019.1\lib\win64.o\librdi_containers.dll
0x00007ffba7610000 - 0x00007ffba7cea000 	C:\Xilinx\Vivado\2019.1\lib\win64.o\librdi_coregenipxact.dll
0x00007ffbb91f0000 - 0x00007ffbbabda000 	C:\Xilinx\Vivado\2019.1\lib\win64.o\librdi_constraints.dll
0x00007ffbd13d0000 - 0x00007ffbd16ee000 	C:\Xilinx\Vivado\2019.1\lib\win64.o\librdi_dlyest.dll
0x00007ffba35c0000 - 0x00007ffba7603000 	C:\Xilinx\Vivado\2019.1\lib\win64.o\librdi_designutils.dll
0x00007ffba7cf0000 - 0x00007ffba9ba1000 	C:\Xilinx\Vivado\2019.1\lib\win64.o\librdi_coregen.dll
0x00007ffb90bf0000 - 0x00007ffb9118a000 	C:\Xilinx\Vivado\2019.1\lib\win64.o\librdi_drc.dll
0x00007ffbf41b0000 - 0x00007ffbf4274000 	C:\Xilinx\Vivado\2019.1\lib\win64.o\librdi_dsp.dll
0x00007ffbd0ba0000 - 0x00007ffbd0e83000 	C:\Xilinx\Vivado\2019.1\lib\win64.o\librdi_guitools.dll
0x00007ffbf54d0000 - 0x00007ffbf5535000 	C:\Xilinx\Vivado\2019.1\lib\win64.o\librdi_hdf.dll
0x00007ffb905a0000 - 0x00007ffb90bed000 	C:\Xilinx\Vivado\2019.1\lib\win64.o\librdi_filemgmt.dll
0x00007ffbf4810000 - 0x00007ffbf4883000 	C:\Xilinx\Vivado\2019.1\lib\win64.o\librdi_memoryarray.dll
0x00007ffb8e9c0000 - 0x00007ffb8efd5000 	C:\Xilinx\Vivado\2019.1\lib\win64.o\librdi_memdata.dll
0x00007ffb8efe0000 - 0x00007ffb905a0000 	C:\Xilinx\Vivado\2019.1\lib\win64.o\librdi_implflow.dll
0x00007ffb91190000 - 0x00007ffba35bc000 	C:\Xilinx\Vivado\2019.1\lib\win64.o\librdi_device.dll
0x00007ffb8b620000 - 0x00007ffb8bcc2000 	C:\Xilinx\Vivado\2019.1\lib\win64.o\librdi_netlist.dll
0x00007ffc0cc50000 - 0x00007ffc0cc9b000 	C:\Xilinx\Vivado\2019.1\lib\win64.o\librdi_pfi.dll
0x00007ffb88c90000 - 0x00007ffb88f9f000 	C:\Xilinx\Vivado\2019.1\lib\win64.o\librdi_platform.dll
0x00007ffb88540000 - 0x00007ffb88c8a000 	C:\Xilinx\Vivado\2019.1\lib\win64.o\librdi_power.dll
0x00007ffb878b0000 - 0x00007ffb87fb9000 	C:\Xilinx\Vivado\2019.1\lib\win64.o\librdi_psta.dll
0x00007ffb87fc0000 - 0x00007ffb8853f000 	C:\Xilinx\Vivado\2019.1\lib\win64.o\librdi_project.dll
0x00007ffb871a0000 - 0x00007ffb878a6000 	C:\Xilinx\Vivado\2019.1\lib\win64.o\librdi_rsb.dll
0x00007ffb88fa0000 - 0x00007ffb8b616000 	C:\Xilinx\Vivado\2019.1\lib\win64.o\librdi_place.dll
0x00007ffb86da0000 - 0x00007ffb87191000 	C:\Xilinx\Vivado\2019.1\lib\win64.o\librdi_runs.dll
0x00007ffbef2c0000 - 0x00007ffbef3ba000 	C:\Xilinx\Vivado\2019.1\lib\win64.o\librdi_runsbase.dll
0x00007ffbd0890000 - 0x00007ffbd0ae6000 	C:\Xilinx\Vivado\2019.1\lib\win64.o\librdi_simdata.dll
0x00007ffbec0b0000 - 0x00007ffbec222000 	C:\Xilinx\Vivado\2019.1\lib\win64.o\librdi_advchipscopeimpl.dll
0x00007ffb85f80000 - 0x00007ffb86d91000 	C:\Xilinx\Vivado\2019.1\lib\win64.o\librdi_timing.dll
0x00007ffb8bcd0000 - 0x00007ffb8e9b6000 	C:\Xilinx\Vivado\2019.1\lib\win64.o\librdi_mig.dll
0x00007ffc0c510000 - 0x00007ffc0c55c000 	C:\Xilinx\Vivado\2019.1\lib\win64.o\libboost_serialization.dll
0x00007ffbed8c0000 - 0x00007ffbed982000 	C:\Xilinx\Vivado\2019.1\lib\win64.o\librdi_ipconfig_readwrite.dll
0x00007ffbcfaa0000 - 0x00007ffbcfc3f000 	C:\Xilinx\Vivado\2019.1\lib\win64.o\librdi_hip_devdesign.dll
0x00007ffc05350000 - 0x00007ffc05393000 	C:\Xilinx\Vivado\2019.1\lib\win64.o\librdi_noc_frameworks.dll
0x00007ffbefec0000 - 0x00007ffbeff5e000 	C:\Xilinx\Vivado\2019.1\lib\win64.o\libise.dll
0x00007ffb85b90000 - 0x00007ffb85f75000 	C:\Xilinx\Vivado\2019.1\lib\win64.o\librdi_hip_config.dll
0x00007ffb85640000 - 0x00007ffb85b8e000 	C:\Xilinx\Vivado\2019.1\lib\win64.o\librdi_xdm.dll
0x00007ffb84af0000 - 0x00007ffb85637000 	C:\Xilinx\Vivado\2019.1\lib\win64.o\libverific.dll
0x00007ffc0c5e0000 - 0x00007ffc0c620000 	C:\Xilinx\Vivado\2019.1\lib\win64.o\librdi_wavedata_SimpleApi.dll
0x00007ffb844f0000 - 0x00007ffb84aec000 	C:\Xilinx\Vivado\2019.1\lib\win64.o\librdi_wavedata.dll
0x00007ffc066c0000 - 0x00007ffc066ff000 	C:\Xilinx\Vivado\2019.1\lib\win64.o\librdi_schedmon.dll
0x00007ffbebbe0000 - 0x00007ffbebc68000 	C:\Xilinx\Vivado\2019.1\lib\win64.o\librdi_meir_core.dll
0x00007ffb81130000 - 0x00007ffb81389000 	C:\Xilinx\Vivado\2019.1\lib\win64.o\librdi_hsm.dll
0x00007ffb83360000 - 0x00007ffb844ed000 	C:\Xilinx\Vivado\2019.1\lib\win64.o\librdi_route.dll

VM Arguments:
jvm_args: -Dsun.java2d.pmoffscreen=false -Dsun.java2d.xrender=false -Dsun.java2d.d3d=false -Dsun.awt.nopixfmt=true -Dsun.java2d.dpiaware=true -Dsun.java2d.uiScale.enabled=false -Xverify:none -Dswing.aatext=true -XX:-UsePerfData -Djdk.map.althashing.threshold=512 -XX:StringTableSize=4072 --add-opens=java.base/java.nio=ALL-UNNAMED --add-opens=java.desktop/sun.swing=ALL-UNNAMED --add-opens=java.desktop/javax.swing=ALL-UNNAMED --add-opens=java.desktop/javax.swing.tree=ALL-UNNAMED --add-opens=java.desktop/javax.swing.plaf.basic=ALL-UNNAMED --add-opens=java.desktop/javax.swing.plaf.synth=ALL-UNNAMED --add-opens=java.desktop/com.sun.awt=ALL-UNNAMED -XX:NewSize=60m -XX:MaxNewSize=60m -Xms128m -Xmx3072m -Xss5m 
java_command: <unknown>
java_class_path (initial): C:/Xilinx/Vivado/2019.1\lib\classes\alloy.jar;C:/Xilinx/Vivado/2019.1\lib\classes\autopilot.scelaborator.jar;C:/Xilinx/Vivado/2019.1\lib\classes\autopilot.sourceprocessor.jar;C:/Xilinx/Vivado/2019.1\lib\classes\autopilot.tbprocessor.jar;C:/Xilinx/Vivado/2019.1\lib\classes\batik-anim.jar;C:/Xilinx/Vivado/2019.1\lib\classes\batik-awt-util.jar;C:/Xilinx/Vivado/2019.1\lib\classes\batik-bridge.jar;C:/Xilinx/Vivado/2019.1\lib\classes\batik-codec.jar;C:/Xilinx/Vivado/2019.1\lib\classes\batik-css.jar;C:/Xilinx/Vivado/2019.1\lib\classes\batik-dom.jar;C:/Xilinx/Vivado/2019.1\lib\classes\batik-ext.jar;C:/Xilinx/Vivado/2019.1\lib\classes\batik-gui-util.jar;C:/Xilinx/Vivado/2019.1\lib\classes\batik-gvt.jar;C:/Xilinx/Vivado/2019.1\lib\classes\batik-parser.jar;C:/Xilinx/Vivado/2019.1\lib\classes\batik-script.jar;C:/Xilinx/Vivado/2019.1\lib\classes\batik-svg-dom.jar;C:/Xilinx/Vivado/2019.1\lib\classes\batik-swing.jar;C:/Xilinx/Vivado/2019.1\lib\classes\batik-transcoder.jar;C:/Xilinx/Vivado/2019.1\lib\classes\batik-util.jar;C:/Xilinx/Vivado/2019.1\lib\classes\batik-xml.jar;C:/Xilinx/Vivado/2019.1\lib\classes\com.google.gson_2.7.0.v20170129-0911.jar;C:/Xilinx/Vivado/2019.1\lib\classes\com.google.guava_21.0.0.v20170206-1425.jar;C:/Xilinx/Vivado/2019.1\lib\classes\com.google.inject_3.0.0.v201605172100.jar;C:/Xilinx/Vivado/2019.1\lib\classes\com.ibm.icu_4.4.2.v20110208.jar;C:/Xilinx/Vivado/2019.1\lib\classes\com.sigasi.hdt.annotations.runtime_4.3.0.201903071210.jar;C:/Xilinx/Vivado/2019.1\lib\classes\com.sigasi.hdt.blockdiagram.model_4.3.0.201903071210.jar;C:/Xilinx/Vivado/2019.1\lib\classes\com.sigasi.hdt.connection_4.3.0.201903071210.jar;C:/Xilinx/Vivado/2019.1\lib\classes\com.sigasi.hdt.dependencies.model_4.3.0.201903071210.jar;C:/Xilinx/Vivado/2019.1\lib\classes\com.sigasi.hdt.epl_4.3.0.201903071210.jar;C:/Xilinx/Vivado/2019.1\lib\classes\com.sigasi.hdt.graphics.model_4.3.0.201903071210.jar;C:/Xilinx/Vivado/2019.1\lib\classes\com.sigasi.hdt.project_4.3.0
Launcher Type: generic

Logging:
Log output configuration:
#0: stdout all=warning uptime,level,tags
#1: stderr all=off uptime,level,tags

Environment Variables:
CLASSPATH=C:\LINGO64_18\Lingo18.jar
PATH=C:/Xilinx/Vivado/2019.1/bin;C:/Xilinx/Vivado/2019.1/lib/win64.o;C:/Xilinx/Vivado/2019.1/tps/win64/jre9.0.4/bin/server;C:/Xilinx/Vivado/2019.1/tps/win64/jre9.0.4/bin;C:/Xilinx/SDK/2019.1/bin;C:/Xilinx/Vivado/2019.1/ids_lite/ISE/bin/nt64;C:/Xilinx/Vivado/2019.1/ids_lite/ISE/lib/nt64;C:\Program Files\NVIDIA GPU Computing Toolkit\CUDA\v11.3\bin;C:\Program Files\NVIDIA GPU Computing Toolkit\CUDA\v11.3\libnvvp;C:\Program Files (x86)\Common Files\Oracle\Java\javapath;C:\Program Files\Microsoft MPI\Bin\;C:\Program Files (x86)\Microsoft Visual Studio\Shared\Python36_64\;C:\Program Files (x86)\Intel\Intel(R) Management Engine Components\iCLS\;C:\Program Files\Intel\Intel(R) Management Engine Components\iCLS\;C:\Windows\system32;C:\Windows;C:\Windows\System32\Wbem;C:\Windows\System32\WindowsPowerShell\v1.0\;C:\Program Files (x86)\Intel\Intel(R) Management Engine Components\DAL;C:\Program Files\Intel\Intel(R) Management Engine Components\DAL;C:\Program Files (x86)\Intel\Intel(R) Management Engine Components\IPT;C:\Program Files\Intel\Intel(R) Management Engine Components\IPT;C:\Program Files (x86)\NVIDIA Corporation\PhysX\Common;C:\WINDOWS\System32\OpenSSH\;C:\Program Files\Intel\WiFi\bin\;C:\Program Files\Common Files\Intel\WirelessCommon\;C:\Program Files\dotnet\;C:\Program Files\Microsoft SQL Server\130\Tools\Binn\;C:\Program Files\OpenVPN\bin;C:\Program Files (x86)\scala\bin;C:\LINGO64_18\;C:\Program Files\NVIDIA Corporation\NVIDIA NvDLISR;C:\Git\Git\cmd;C:\Program Files\NVIDIA Corporation\Nsight Compute 2021.1.1\;C:\Python_Anaconda;C:\Python_Anaconda\Library\mingw-w64\bin;C:\Python_Anaconda\Library\usr\bin;C:\Python_Anaconda\Library\bin;C:\Python_Anaconda\Scripts;C:\Program Files\MySQL\MySQL Shell 8.0\bin\;D:\Python\Scripts\;D:\Python\;C:\Users\Lucifer.dark\AppData\Local\Microsoft\WindowsApps;C:\Users\Lucifer.dark\AppData\Local\GitHubDesktop\bin;C:\Program Files\NVIDIA GPU Computing Toolkit\CUDA\v10.2;C:\Program Files\NVIDIA GPU Computing Toolkit\CUDA\v10.2\lib\x64;C:\Pr
USERNAME=Lucifer.dark
OS=Windows_NT
PROCESSOR_IDENTIFIER=Intel64 Family 6 Model 158 Stepping 10, GenuineIntel



---------------  S Y S T E M  ---------------

OS: Windows 10 , 64 bit Build 19041 (10.0.19041.928)

CPU:total 12 (initial active 12) (6 cores per cpu, 2 threads per core) family 6 model 158 stepping 10, cmov, cx8, fxsr, mmx, sse, sse2, sse3, ssse3, sse4.1, sse4.2, popcnt, avx, avx2, aes, clmul, erms, 3dnowpref, lzcnt, ht, tsc, tscinvbit, bmi1, bmi2, adx, fma

Memory: 4k page, physical 16698284k(9124456k free), swap 18598828k(7646320k free)

vm_info: Java HotSpot(TM) 64-Bit Server VM (9.0.4+11) for windows-amd64 JRE (9.0.4+11), built on Dec 20 2017 02:18:54 by "mach5one" with MS VC++ 12.0 (VS2013)

END.
