#-----------------------------------------------------------
# Vivado v2019.1 (64-bit)
# SW Build 2552052 on Fri May 24 14:49:42 MDT 2019
# IP Build 2548770 on Fri May 24 18:01:18 MDT 2019
# Start of session at: Wed May 26 14:57:35 2021
# Process ID: 192
# Current directory: C:/Users/Lucifer.dark/Desktop/BTB/Lab1
# Command line: vivado.exe -gui_launcher_event rodinguilauncherevent8240 C:\Users\Lucifer.dark\Desktop\BTB\Lab1\Lab1.xpr
# Log file: C:/Users/Lucifer.dark/Desktop/BTB/Lab1/vivado.log
# Journal file: C:/Users/Lucifer.dark/Desktop/BTB/Lab1\vivado.jou
#-----------------------------------------------------------
start_gui
open_project C:/Users/Lucifer.dark/Desktop/BTB/Lab1/Lab1.xpr
Scanning sources...
Finished scanning sources
INFO: [IP_Flow 19-234] Refreshing IP repositories
INFO: [IP_Flow 19-1704] No user IP repositories specified
INFO: [IP_Flow 19-2313] Loaded Vivado IP repository 'C:/Xilinx/Vivado/2019.1/data/ip'.
open_project: Time (s): cpu = 00:00:11 ; elapsed = 00:00:05 . Memory (MB): peak = 722.121 ; gain = 98.844
update_compile_order -fileset sources_1
exit
INFO: [Common 17-206] Exiting Vivado at Wed May 26 14:59:32 2021...
