#-----------------------------------------------------------
# Vivado v2019.1 (64-bit)
# SW Build 2552052 on Fri May 24 14:49:42 MDT 2019
# IP Build 2548770 on Fri May 24 18:01:18 MDT 2019
# Start of session at: Thu May 13 22:25:25 2021
# Process ID: 3136
# Current directory: C:/Users/Lucifer.dark/Desktop/Cache_temp
# Command line: vivado.exe -gui_launcher_event rodinguilauncherevent2768 C:\Users\Lucifer.dark\Desktop\Cache_temp\Cache_temp.xpr
# Log file: C:/Users/Lucifer.dark/Desktop/Cache_temp/vivado.log
# Journal file: C:/Users/Lucifer.dark/Desktop/Cache_temp\vivado.jou
#-----------------------------------------------------------
start_gui
open_project C:/Users/Lucifer.dark/Desktop/Cache_temp/Cache_temp.xpr
Scanning sources...
Finished scanning sources
INFO: [IP_Flow 19-234] Refreshing IP repositories
INFO: [IP_Flow 19-1704] No user IP repositories specified
INFO: [IP_Flow 19-2313] Loaded Vivado IP repository 'C:/Xilinx/Vivado/2019.1/data/ip'.
update_compile_order -fileset sources_1
launch_simulation
INFO: [Vivado 12-5682] Launching behavioral simulation in 'C:/Users/Lucifer.dark/Desktop/Cache_temp/Cache_temp.sim/sim_1/behav/xsim'
INFO: [SIM-utils-51] Simulation object is 'sim_1'
INFO: [SIM-utils-54] Inspecting design source files for 'cache_tb' in fileset 'sim_1'...
INFO: [USF-XSim-97] Finding global include files...
INFO: [USF-XSim-98] Fetching design files from 'sim_1'...
INFO: [USF-XSim-2] XSim::Compile design
INFO: [USF-XSim-61] Executing 'COMPILE and ANALYZE' step in 'C:/Users/Lucifer.dark/Desktop/Cache_temp/Cache_temp.sim/sim_1/behav/xsim'
"xvlog --incr --relax -prj cache_tb_vlog.prj"
INFO: [VRFC 10-2263] Analyzing SystemVerilog file "C:/Users/Lucifer.dark/Desktop/Cache_temp/Cache_temp.srcs/sources_1/imports/CacheSrcCode/cache.sv" into library xil_defaultlib
INFO: [VRFC 10-311] analyzing module cache
INFO: [VRFC 10-2263] Analyzing SystemVerilog file "C:/Users/Lucifer.dark/Desktop/Cache_temp/Cache_temp.srcs/sources_1/imports/CacheSrcCode/main_mem.sv" into library xil_defaultlib
INFO: [VRFC 10-311] analyzing module main_mem
INFO: [VRFC 10-2263] Analyzing SystemVerilog file "C:/Users/Lucifer.dark/Desktop/Cache_temp/Cache_temp.srcs/sources_1/imports/CacheSrcCode/mem.sv" into library xil_defaultlib
INFO: [VRFC 10-311] analyzing module mem
INFO: [VRFC 10-2263] Analyzing SystemVerilog file "C:/Users/Lucifer.dark/Desktop/Cache_temp/Cache_temp.srcs/sim_1/imports/CacheSrcCode/cache_tb.sv" into library xil_defaultlib
INFO: [VRFC 10-311] analyzing module cache_tb
INFO: [USF-XSim-69] 'compile' step finished in '2' seconds
INFO: [USF-XSim-3] XSim::Elaborate design
INFO: [USF-XSim-61] Executing 'ELABORATE' step in 'C:/Users/Lucifer.dark/Desktop/Cache_temp/Cache_temp.sim/sim_1/behav/xsim'
"xelab -wto f823f46e6b9442e1a1fdd930c5083442 --incr --debug typical --relax --mt 2 -L xil_defaultlib -L unisims_ver -L unimacro_ver -L secureip --snapshot cache_tb_behav xil_defaultlib.cache_tb xil_defaultlib.glbl -log elaborate.log"
Vivado Simulator 2019.1
Copyright 1986-1999, 2001-2019 Xilinx, Inc. All Rights Reserved.
Running: C:/Xilinx/Vivado/2019.1/bin/unwrapped/win64.o/xelab.exe -wto f823f46e6b9442e1a1fdd930c5083442 --incr --debug typical --relax --mt 2 -L xil_defaultlib -L unisims_ver -L unimacro_ver -L secureip --snapshot cache_tb_behav xil_defaultlib.cache_tb xil_defaultlib.glbl -log elaborate.log 
Using 2 slave threads.
Starting static elaboration
Completed static elaboration
Starting simulation data flow analysis
WARNING: [XSIM 43-4099] "C:/Users/Lucifer.dark/Desktop/Cache_temp/Cache_temp.srcs/sources_1/imports/CacheSrcCode/cache.sv" Line 3. Module cache(SET_ADDR_LEN=2,TAG_ADDR_LEN=12,WAY_CNT=3) doesn't have a timescale but at least one module in design has a timescale.
WARNING: [XSIM 43-4099] "C:/Users/Lucifer.dark/Desktop/Cache_temp/Cache_temp.srcs/sources_1/imports/CacheSrcCode/main_mem.sv" Line 2. Module main_mem(ADDR_LEN=14) doesn't have a timescale but at least one module in design has a timescale.
WARNING: [XSIM 43-4099] "C:/Users/Lucifer.dark/Desktop/Cache_temp/Cache_temp.srcs/sources_1/imports/CacheSrcCode/mem.sv" Line 2. Module mem(ADDR_LEN=17) doesn't have a timescale but at least one module in design has a timescale.
Completed simulation data flow analysis
Time Resolution for simulation is 1ps
Compiling module xil_defaultlib.mem(ADDR_LEN=17)
Compiling module xil_defaultlib.main_mem(ADDR_LEN=14)
Compiling module xil_defaultlib.cache(SET_ADDR_LEN=2,TAG_ADDR_LE...
Compiling module xil_defaultlib.cache_tb
Compiling module xil_defaultlib.glbl
Built simulation snapshot cache_tb_behav
INFO: [USF-XSim-69] 'elaborate' step finished in '2' seconds
INFO: [USF-XSim-4] XSim::Simulate design
INFO: [USF-XSim-61] Executing 'SIMULATE' step in 'C:/Users/Lucifer.dark/Desktop/Cache_temp/Cache_temp.sim/sim_1/behav/xsim'
INFO: [USF-XSim-98] *** Running xsim
   with args "cache_tb_behav -key {Behavioral:sim_1:Functional:cache_tb} -tclbatch {cache_tb.tcl} -log {simulate.log}"
INFO: [USF-XSim-8] Loading simulator feature
Vivado Simulator 2019.1
Time resolution is 1 ps
source cache_tb.tcl
# set curr_wave [current_wave_config]
# if { [string length $curr_wave] == 0 } {
#   if { [llength [get_objects]] > 0} {
#     add_wave /
#     set_property needs_save false [current_wave_config]
#   } else {
#      send_msg_id Add_Wave-1 WARNING "No top level signals found. Simulator will start without a wave window. If you want to open a wave window go to 'File->New Waveform Configuration' or type 'create_wave_config' in the TCL console."
#   }
# }
# run 1000ns
INFO: [USF-XSim-96] XSim completed. Design snapshot 'cache_tb_behav' loaded.
INFO: [USF-XSim-97] XSim simulation ran for 1000ns
launch_simulation: Time (s): cpu = 00:00:10 ; elapsed = 00:00:08 . Memory (MB): peak = 801.469 ; gain = 32.453
run 10 us
close_sim
INFO: [Simtcl 6-16] Simulation closed
launch_simulation
INFO: [Vivado 12-5682] Launching behavioral simulation in 'C:/Users/Lucifer.dark/Desktop/Cache_temp/Cache_temp.sim/sim_1/behav/xsim'
INFO: [SIM-utils-51] Simulation object is 'sim_1'
INFO: [SIM-utils-54] Inspecting design source files for 'cache_tb' in fileset 'sim_1'...
INFO: [USF-XSim-97] Finding global include files...
INFO: [USF-XSim-98] Fetching design files from 'sim_1'...
INFO: [USF-XSim-2] XSim::Compile design
INFO: [USF-XSim-61] Executing 'COMPILE and ANALYZE' step in 'C:/Users/Lucifer.dark/Desktop/Cache_temp/Cache_temp.sim/sim_1/behav/xsim'
"xvlog --incr --relax -prj cache_tb_vlog.prj"
INFO: [VRFC 10-2263] Analyzing SystemVerilog file "C:/Users/Lucifer.dark/Desktop/Cache_temp/Cache_temp.srcs/sources_1/imports/CacheSrcCode/cache.sv" into library xil_defaultlib
INFO: [VRFC 10-311] analyzing module cache
INFO: [VRFC 10-2263] Analyzing SystemVerilog file "C:/Users/Lucifer.dark/Desktop/Cache_temp/Cache_temp.srcs/sources_1/imports/CacheSrcCode/main_mem.sv" into library xil_defaultlib
INFO: [VRFC 10-311] analyzing module main_mem
INFO: [VRFC 10-2263] Analyzing SystemVerilog file "C:/Users/Lucifer.dark/Desktop/Cache_temp/Cache_temp.srcs/sources_1/imports/CacheSrcCode/mem.sv" into library xil_defaultlib
INFO: [VRFC 10-311] analyzing module mem
INFO: [VRFC 10-2263] Analyzing SystemVerilog file "C:/Users/Lucifer.dark/Desktop/Cache_temp/Cache_temp.srcs/sim_1/imports/CacheSrcCode/cache_tb.sv" into library xil_defaultlib
INFO: [VRFC 10-311] analyzing module cache_tb
INFO: [USF-XSim-69] 'compile' step finished in '2' seconds
INFO: [USF-XSim-3] XSim::Elaborate design
INFO: [USF-XSim-61] Executing 'ELABORATE' step in 'C:/Users/Lucifer.dark/Desktop/Cache_temp/Cache_temp.sim/sim_1/behav/xsim'
"xelab -wto f823f46e6b9442e1a1fdd930c5083442 --incr --debug typical --relax --mt 2 -L xil_defaultlib -L unisims_ver -L unimacro_ver -L secureip --snapshot cache_tb_behav xil_defaultlib.cache_tb xil_defaultlib.glbl -log elaborate.log"
Vivado Simulator 2019.1
Copyright 1986-1999, 2001-2019 Xilinx, Inc. All Rights Reserved.
Running: C:/Xilinx/Vivado/2019.1/bin/unwrapped/win64.o/xelab.exe -wto f823f46e6b9442e1a1fdd930c5083442 --incr --debug typical --relax --mt 2 -L xil_defaultlib -L unisims_ver -L unimacro_ver -L secureip --snapshot cache_tb_behav xil_defaultlib.cache_tb xil_defaultlib.glbl -log elaborate.log 
Using 2 slave threads.
Starting static elaboration
Completed static elaboration
Starting simulation data flow analysis
WARNING: [XSIM 43-4099] "C:/Users/Lucifer.dark/Desktop/Cache_temp/Cache_temp.srcs/sources_1/imports/CacheSrcCode/cache.sv" Line 3. Module cache(SET_ADDR_LEN=2,TAG_ADDR_LEN=12,WAY_CNT=3) doesn't have a timescale but at least one module in design has a timescale.
WARNING: [XSIM 43-4099] "C:/Users/Lucifer.dark/Desktop/Cache_temp/Cache_temp.srcs/sources_1/imports/CacheSrcCode/main_mem.sv" Line 2. Module main_mem(ADDR_LEN=14) doesn't have a timescale but at least one module in design has a timescale.
WARNING: [XSIM 43-4099] "C:/Users/Lucifer.dark/Desktop/Cache_temp/Cache_temp.srcs/sources_1/imports/CacheSrcCode/mem.sv" Line 2. Module mem(ADDR_LEN=17) doesn't have a timescale but at least one module in design has a timescale.
Completed simulation data flow analysis
Time Resolution for simulation is 1ps
Compiling module xil_defaultlib.mem(ADDR_LEN=17)
Compiling module xil_defaultlib.main_mem(ADDR_LEN=14)
Compiling module xil_defaultlib.cache(SET_ADDR_LEN=2,TAG_ADDR_LE...
Compiling module xil_defaultlib.cache_tb
Compiling module xil_defaultlib.glbl
Built simulation snapshot cache_tb_behav
INFO: [USF-XSim-69] 'elaborate' step finished in '2' seconds
INFO: [USF-XSim-4] XSim::Simulate design
INFO: [USF-XSim-61] Executing 'SIMULATE' step in 'C:/Users/Lucifer.dark/Desktop/Cache_temp/Cache_temp.sim/sim_1/behav/xsim'
INFO: [USF-XSim-98] *** Running xsim
   with args "cache_tb_behav -key {Behavioral:sim_1:Functional:cache_tb} -tclbatch {cache_tb.tcl} -log {simulate.log}"
INFO: [USF-XSim-8] Loading simulator feature
Vivado Simulator 2019.1
Time resolution is 1 ps
source cache_tb.tcl
# set curr_wave [current_wave_config]
# if { [string length $curr_wave] == 0 } {
#   if { [llength [get_objects]] > 0} {
#     add_wave /
#     set_property needs_save false [current_wave_config]
#   } else {
#      send_msg_id Add_Wave-1 WARNING "No top level signals found. Simulator will start without a wave window. If you want to open a wave window go to 'File->New Waveform Configuration' or type 'create_wave_config' in the TCL console."
#   }
# }
# run 1000ns
INFO: [USF-XSim-96] XSim completed. Design snapshot 'cache_tb_behav' loaded.
INFO: [USF-XSim-97] XSim simulation ran for 1000ns
launch_simulation: Time (s): cpu = 00:00:04 ; elapsed = 00:00:06 . Memory (MB): peak = 807.984 ; gain = 0.000
run 10 us
close_sim
INFO: [Simtcl 6-16] Simulation closed
exit
INFO: [Common 17-206] Exiting Vivado at Thu May 13 22:29:14 2021...
