#-----------------------------------------------------------
# Vivado v2019.1 (64-bit)
# SW Build 2552052 on Fri May 24 14:49:42 MDT 2019
# IP Build 2548770 on Fri May 24 18:01:18 MDT 2019
# Start of session at: Mon May 17 18:35:32 2021
# Process ID: 11880
# Current directory: C:/Users/Lucifer.dark/Desktop/Cache_temp
# Command line: vivado.exe -gui_launcher_event rodinguilauncherevent17672 C:\Users\Lucifer.dark\Desktop\Cache_temp\Cache_temp.xpr
# Log file: C:/Users/Lucifer.dark/Desktop/Cache_temp/vivado.log
# Journal file: C:/Users/Lucifer.dark/Desktop/Cache_temp\vivado.jou
#-----------------------------------------------------------
start_gui
open_project C:/Users/Lucifer.dark/Desktop/Cache_temp/Cache_temp.xpr
Scanning sources...
Finished scanning sources
INFO: [IP_Flow 19-234] Refreshing IP repositories
INFO: [IP_Flow 19-1704] No user IP repositories specified
INFO: [IP_Flow 19-2313] Loaded Vivado IP repository 'C:/Xilinx/Vivado/2019.1/data/ip'.
open_project: Time (s): cpu = 00:00:11 ; elapsed = 00:00:05 . Memory (MB): peak = 717.234 ; gain = 105.629
update_compile_order -fileset sources_1
exit
INFO: [Common 17-206] Exiting Vivado at Mon May 17 18:59:40 2021...
