#-----------------------------------------------------------
# Vivado v2019.1 (64-bit)
# SW Build 2552052 on Fri May 24 14:49:42 MDT 2019
# IP Build 2548770 on Fri May 24 18:01:18 MDT 2019
# Start of session at: Tue May 25 18:45:41 2021
# Process ID: 15840
# Current directory: C:/Users/Lucifer.dark/Desktop/BHT/Lab1
# Command line: vivado.exe -gui_launcher_event rodinguilauncherevent16848 C:\Users\Lucifer.dark\Desktop\BHT\Lab1\Lab1.xpr
# Log file: C:/Users/Lucifer.dark/Desktop/BHT/Lab1/vivado.log
# Journal file: C:/Users/Lucifer.dark/Desktop/BHT/Lab1\vivado.jou
#-----------------------------------------------------------
start_gui
open_project C:/Users/Lucifer.dark/Desktop/BHT/Lab1/Lab1.xpr
INFO: [Project 1-313] Project file moved from 'C:/Users/Lucifer.dark/Desktop/Lab1' since last save.
Scanning sources...
Finished scanning sources
INFO: [IP_Flow 19-234] Refreshing IP repositories
INFO: [IP_Flow 19-1704] No user IP repositories specified
INFO: [IP_Flow 19-2313] Loaded Vivado IP repository 'C:/Xilinx/Vivado/2019.1/data/ip'.
update_compile_order -fileset sources_1
close [ open C:/Users/Lucifer.dark/Desktop/BHT/Lab1/Lab1.srcs/sources_1/new/BHT.v w ]
add_files C:/Users/Lucifer.dark/Desktop/BHT/Lab1/Lab1.srcs/sources_1/new/BHT.v
update_compile_order -fileset sources_1
update_compile_order -fileset sources_1
launch_simulation
INFO: [Vivado 12-5682] Launching behavioral simulation in 'C:/Users/Lucifer.dark/Desktop/BHT/Lab1/Lab1.sim/sim_1/behav/xsim'
INFO: [SIM-utils-51] Simulation object is 'sim_1'
INFO: [SIM-utils-54] Inspecting design source files for 'cpu_tb' in fileset 'sim_1'...
INFO: [USF-XSim-97] Finding global include files...
INFO: [USF-XSim-98] Fetching design files from 'sim_1'...
INFO: [USF-XSim-2] XSim::Compile design
INFO: [USF-XSim-61] Executing 'COMPILE and ANALYZE' step in 'C:/Users/Lucifer.dark/Desktop/BHT/Lab1/Lab1.sim/sim_1/behav/xsim'
"xvlog --incr --relax -prj cpu_tb_vlog.prj"
INFO: [VRFC 10-2263] Analyzing Verilog file "C:/Users/Lucifer.dark/Desktop/BHT/Lab1/Lab1.srcs/sources_1/imports/SourceCode/ALU.v" into library xil_defaultlib
INFO: [VRFC 10-311] analyzing module ALU
INFO: [VRFC 10-2263] Analyzing Verilog file "C:/Users/Lucifer.dark/Desktop/BHT/Lab1/Lab1.srcs/sources_1/new/BHT.v" into library xil_defaultlib
INFO: [VRFC 10-311] analyzing module BHT
WARNING: [VRFC 10-2019] loop variable declaration is not allowed in this mode of verilog [C:/Users/Lucifer.dark/Desktop/BHT/Lab1/Lab1.srcs/sources_1/new/BHT.v:51]
INFO: [VRFC 10-2263] Analyzing Verilog file "C:/Users/Lucifer.dark/Desktop/BHT/Lab1/Lab1.srcs/sources_1/new/BTB.v" into library xil_defaultlib
INFO: [VRFC 10-311] analyzing module BTB
WARNING: [VRFC 10-2019] loop variable declaration is not allowed in this mode of verilog [C:/Users/Lucifer.dark/Desktop/BHT/Lab1/Lab1.srcs/sources_1/new/BTB.v:65]
INFO: [VRFC 10-2263] Analyzing Verilog file "C:/Users/Lucifer.dark/Desktop/BHT/Lab1/Lab1.srcs/sources_1/imports/SourceCode/BranchDecisionMaking.v" into library xil_defaultlib
INFO: [VRFC 10-311] analyzing module BranchDecisionMaking
INFO: [VRFC 10-2263] Analyzing Verilog file "C:/Users/Lucifer.dark/Desktop/BHT/Lab1/Lab1.srcs/sources_1/new/CSR.v" into library xil_defaultlib
INFO: [VRFC 10-311] analyzing module CSR
INFO: [VRFC 10-2263] Analyzing Verilog file "C:/Users/Lucifer.dark/Desktop/BHT/Lab1/Lab1.srcs/sources_1/new/CSR_ALU.v" into library xil_defaultlib
INFO: [VRFC 10-311] analyzing module CSR_ALU
INFO: [VRFC 10-2263] Analyzing Verilog file "C:/Users/Lucifer.dark/Desktop/BHT/Lab1/Lab1.srcs/sources_1/imports/SourceCode/ControlUnit.v" into library xil_defaultlib
INFO: [VRFC 10-311] analyzing module ControlUnit
INFO: [VRFC 10-2263] Analyzing Verilog file "C:/Users/Lucifer.dark/Desktop/BHT/Lab1/Lab1.srcs/sources_1/imports/SourceCode/DataExt.v" into library xil_defaultlib
INFO: [VRFC 10-311] analyzing module DataExt
INFO: [VRFC 10-2263] Analyzing Verilog file "C:/Users/Lucifer.dark/Desktop/BHT/Lab1/Lab1.srcs/sources_1/imports/SourceCode/EXSegReg.v" into library xil_defaultlib
INFO: [VRFC 10-311] analyzing module EXSegReg
INFO: [VRFC 10-2263] Analyzing Verilog file "C:/Users/Lucifer.dark/Desktop/BHT/Lab1/Lab1.srcs/sources_1/imports/SourceCode/HarzardUnit.v" into library xil_defaultlib
INFO: [VRFC 10-311] analyzing module HarzardUnit
INFO: [VRFC 10-2263] Analyzing Verilog file "C:/Users/Lucifer.dark/Desktop/BHT/Lab1/Lab1.srcs/sources_1/imports/SourceCode/IDSegReg.v" into library xil_defaultlib
INFO: [VRFC 10-311] analyzing module IDSegReg
INFO: [VRFC 10-2263] Analyzing Verilog file "C:/Users/Lucifer.dark/Desktop/BHT/Lab1/Lab1.srcs/sources_1/imports/SourceCode/IFSegReg.v" into library xil_defaultlib
INFO: [VRFC 10-311] analyzing module IFSegReg
INFO: [VRFC 10-2263] Analyzing Verilog file "C:/Users/Lucifer.dark/Desktop/BHT/Lab1/Lab1.srcs/sources_1/imports/SourceCode/ImmOperandUnit.v" into library xil_defaultlib
INFO: [VRFC 10-311] analyzing module ImmOperandUnit
INFO: [VRFC 10-2263] Analyzing Verilog file "C:/Users/Lucifer.dark/Desktop/BHT/Lab1/Lab1.srcs/sources_1/imports/generate_inst/InstructionCache_M.v" into library xil_defaultlib
INFO: [VRFC 10-311] analyzing module InstructionCache_M
INFO: [VRFC 10-2263] Analyzing Verilog file "C:/Users/Lucifer.dark/Desktop/BHT/Lab1/Lab1.srcs/sources_1/imports/SourceCode/MEMSegReg.v" into library xil_defaultlib
INFO: [VRFC 10-311] analyzing module MEMSegReg
INFO: [VRFC 10-2263] Analyzing Verilog file "C:/Users/Lucifer.dark/Desktop/BHT/Lab1/Lab1.srcs/sources_1/imports/SourceCode/NPC_Generator.v" into library xil_defaultlib
INFO: [VRFC 10-311] analyzing module NPC_Generator
INFO: [VRFC 10-2263] Analyzing Verilog file "C:/Users/Lucifer.dark/Desktop/BHT/Lab1/Lab1.srcs/sources_1/imports/SourceCode/RV32Core.v" into library xil_defaultlib
INFO: [VRFC 10-311] analyzing module RV32Core
INFO: [VRFC 10-2263] Analyzing Verilog file "C:/Users/Lucifer.dark/Desktop/BHT/Lab1/Lab1.srcs/sources_1/imports/SourceCode/RegisterFile.v" into library xil_defaultlib
INFO: [VRFC 10-311] analyzing module RegisterFile
INFO: [VRFC 10-2263] Analyzing Verilog file "C:/Users/Lucifer.dark/Desktop/BHT/Lab1/Lab1.srcs/sources_1/imports/SourceCode/WBSegReg.v" into library xil_defaultlib
INFO: [VRFC 10-311] analyzing module WBSegReg
INFO: [VRFC 10-2263] Analyzing SystemVerilog file "C:/Users/Lucifer.dark/Desktop/BHT/Lab1/Lab1.srcs/sources_1/imports/CacheSrcCode/cache.sv" into library xil_defaultlib
INFO: [VRFC 10-311] analyzing module cache
INFO: [VRFC 10-2263] Analyzing SystemVerilog file "C:/Users/Lucifer.dark/Desktop/BHT/Lab1/Lab1.srcs/sources_1/imports/CacheSrcCode/main_mem.sv" into library xil_defaultlib
INFO: [VRFC 10-311] analyzing module main_mem
INFO: [VRFC 10-2263] Analyzing SystemVerilog file "C:/Users/Lucifer.dark/Desktop/BHT/Lab1/Lab1.srcs/sources_1/imports/CacheSrcCode/mem.sv" into library xil_defaultlib
INFO: [VRFC 10-311] analyzing module mem
INFO: [VRFC 10-2263] Analyzing Verilog file "C:/Users/Lucifer.dark/Desktop/BHT/Lab1/Lab1.srcs/sim_1/imports/Testbench/cpu_tb.v" into library xil_defaultlib
INFO: [VRFC 10-311] analyzing module cpu_tb
INFO: [VRFC 10-2263] Analyzing Verilog file "C:/Users/Lucifer.dark/Desktop/BHT/Lab1/Lab1.sim/sim_1/behav/xsim/glbl.v" into library xil_defaultlib
INFO: [VRFC 10-311] analyzing module glbl
INFO: [USF-XSim-69] 'compile' step finished in '4' seconds
INFO: [USF-XSim-3] XSim::Elaborate design
INFO: [USF-XSim-61] Executing 'ELABORATE' step in 'C:/Users/Lucifer.dark/Desktop/BHT/Lab1/Lab1.sim/sim_1/behav/xsim'
"xelab -wto 9a9c104f0756469c9d7046d19ed12fc0 --incr --debug typical --relax --mt 2 -L xil_defaultlib -L unisims_ver -L unimacro_ver -L secureip --snapshot cpu_tb_behav xil_defaultlib.cpu_tb xil_defaultlib.glbl -log elaborate.log"
Vivado Simulator 2019.1
Copyright 1986-1999, 2001-2019 Xilinx, Inc. All Rights Reserved.
Running: C:/Xilinx/Vivado/2019.1/bin/unwrapped/win64.o/xelab.exe -wto 9a9c104f0756469c9d7046d19ed12fc0 --incr --debug typical --relax --mt 2 -L xil_defaultlib -L unisims_ver -L unimacro_ver -L secureip --snapshot cpu_tb_behav xil_defaultlib.cpu_tb xil_defaultlib.glbl -log elaborate.log 
Using 2 slave threads.
Starting static elaboration
WARNING: [VRFC 10-3091] actual bit length 1 differs from formal bit length 32 for port 'wr_taken' [C:/Users/Lucifer.dark/Desktop/BHT/Lab1/Lab1.srcs/sources_1/imports/SourceCode/RV32Core.v:184]
WARNING: [VRFC 10-3091] actual bit length 32 differs from formal bit length 1 for port 'write_en' [C:/Users/Lucifer.dark/Desktop/BHT/Lab1/Lab1.srcs/sources_1/imports/SourceCode/IDSegReg.v:86]
WARNING: [VRFC 10-3091] actual bit length 5 differs from formal bit length 4 for port 'AluContrlD' [C:/Users/Lucifer.dark/Desktop/BHT/Lab1/Lab1.srcs/sources_1/imports/SourceCode/RV32Core.v:251]
WARNING: [VRFC 10-3091] actual bit length 4 differs from formal bit length 5 for port 'AluContrlE' [C:/Users/Lucifer.dark/Desktop/BHT/Lab1/Lab1.srcs/sources_1/imports/SourceCode/RV32Core.v:330]
Completed static elaboration
Starting simulation data flow analysis
WARNING: [XSIM 43-4099] "C:/Users/Lucifer.dark/Desktop/BHT/Lab1/Lab1.srcs/sources_1/imports/CacheSrcCode/cache.sv" Line 3. Module cache(WAY_CNT=3) doesn't have a timescale but at least one module in design has a timescale.
WARNING: [XSIM 43-4099] "C:/Users/Lucifer.dark/Desktop/BHT/Lab1/Lab1.srcs/sources_1/imports/CacheSrcCode/main_mem.sv" Line 2. Module main_mem(ADDR_LEN=10) doesn't have a timescale but at least one module in design has a timescale.
WARNING: [XSIM 43-4099] "C:/Users/Lucifer.dark/Desktop/BHT/Lab1/Lab1.srcs/sources_1/imports/CacheSrcCode/mem.sv" Line 2. Module mem(ADDR_LEN=13) doesn't have a timescale but at least one module in design has a timescale.
Completed simulation data flow analysis
Time Resolution for simulation is 1ps
Compiling module xil_defaultlib.BTB_default
Compiling module xil_defaultlib.BHT_default
Compiling module xil_defaultlib.NPC_Generator
Compiling module xil_defaultlib.IFSegReg
Compiling module xil_defaultlib.InstructionCache_M
Compiling module xil_defaultlib.IDSegReg
Compiling module xil_defaultlib.ControlUnit
Compiling module xil_defaultlib.ImmOperandUnit
Compiling module xil_defaultlib.RegisterFile
Compiling module xil_defaultlib.CSR
Compiling module xil_defaultlib.EXSegReg
Compiling module xil_defaultlib.ALU
Compiling module xil_defaultlib.CSR_ALU
Compiling module xil_defaultlib.BranchDecisionMaking
Compiling module xil_defaultlib.MEMSegReg
Compiling module xil_defaultlib.mem(ADDR_LEN=13)
Compiling module xil_defaultlib.main_mem(ADDR_LEN=10)
Compiling module xil_defaultlib.cache(WAY_CNT=3)
Compiling module xil_defaultlib.WBSegReg
Compiling module xil_defaultlib.DataExt
Compiling module xil_defaultlib.HarzardUnit
Compiling module xil_defaultlib.RV32Core
Compiling module xil_defaultlib.cpu_tb
Compiling module xil_defaultlib.glbl
Built simulation snapshot cpu_tb_behav
INFO: [USF-XSim-69] 'elaborate' step finished in '3' seconds
INFO: [USF-XSim-4] XSim::Simulate design
INFO: [USF-XSim-61] Executing 'SIMULATE' step in 'C:/Users/Lucifer.dark/Desktop/BHT/Lab1/Lab1.sim/sim_1/behav/xsim'
INFO: [USF-XSim-98] *** Running xsim
   with args "cpu_tb_behav -key {Behavioral:sim_1:Functional:cpu_tb} -tclbatch {cpu_tb.tcl} -log {simulate.log}"
INFO: [USF-XSim-8] Loading simulator feature
Vivado Simulator 2019.1
Time resolution is 1 ps
source cpu_tb.tcl
# set curr_wave [current_wave_config]
# if { [string length $curr_wave] == 0 } {
#   if { [llength [get_objects]] > 0} {
#     add_wave /
#     set_property needs_save false [current_wave_config]
#   } else {
#      send_msg_id Add_Wave-1 WARNING "No top level signals found. Simulator will start without a wave window. If you want to open a wave window go to 'File->New Waveform Configuration' or type 'create_wave_config' in the TCL console."
#   }
# }
# run 1000ns
INFO: [USF-XSim-96] XSim completed. Design snapshot 'cpu_tb_behav' loaded.
INFO: [USF-XSim-97] XSim simulation ran for 1000ns
launch_simulation: Time (s): cpu = 00:00:05 ; elapsed = 00:00:11 . Memory (MB): peak = 838.066 ; gain = 32.652
current_wave_config {Untitled 1}
Untitled 1
add_wave {{/cpu_tb/RV32ICore_tb_inst/WBSegReg1/cache_test_instance/main_mem_instance/mem_inst/ram_cell}} 
current_wave_config {Untitled 1}
Untitled 1
add_wave {{/cpu_tb/RV32ICore_tb_inst/RegisterFile1}} 
current_wave_config {Untitled 1}
Untitled 1
add_wave {{/cpu_tb/RV32ICore_tb_inst/all_instr_count}} 
current_wave_config {Untitled 1}
Untitled 1
add_wave {{/cpu_tb/RV32ICore_tb_inst/branch_instr_count}} 
current_wave_config {Untitled 1}
Untitled 1
add_wave {{/cpu_tb/RV32ICore_tb_inst/right_predict_count}} 
current_wave_config {Untitled 1}
Untitled 1
add_wave {{/cpu_tb/RV32ICore_tb_inst/error_predict_count}} 
run all
run: Time (s): cpu = 00:00:10 ; elapsed = 00:00:09 . Memory (MB): peak = 856.844 ; gain = 0.000
close_sim
INFO: [Simtcl 6-16] Simulation closed
exit
INFO: [Common 17-206] Exiting Vivado at Tue May 25 19:34:18 2021...
